{"C:\\Users\\drago\\DEVELOPMENT\\dprogres_site\\backend\\src\\middleware\\auth.ts": {"path":"C:\\Users\\drago\\DEVELOPMENT\\dprogres_site\\backend\\src\\middleware\\auth.ts","statementMap":{"0":{"start":{"line":2,"column":0},"end":{"line":2,"column":55}},"1":{"start":{"line":13,"column":33},"end":{"line":28,"column":1}},"2":{"start":{"line":14,"column":21},"end":{"line":14,"column":46}},"3":{"start":{"line":15,"column":16},"end":{"line":15,"column":54}},"4":{"start":{"line":17,"column":2},"end":{"line":19,"column":3}},"5":{"start":{"line":18,"column":4},"end":{"line":18,"column":68}},"6":{"start":{"line":21,"column":2},"end":{"line":27,"column":3}},"7":{"start":{"line":22,"column":20},"end":{"line":22,"column":38}},"8":{"start":{"line":23,"column":4},"end":{"line":23,"column":23}},"9":{"start":{"line":24,"column":4},"end":{"line":24,"column":11}},"10":{"start":{"line":26,"column":4},"end":{"line":26,"column":71}},"11":{"start":{"line":13,"column":13},"end":{"line":13,"column":33}},"12":{"start":{"line":30,"column":27},"end":{"line":42,"column":1}},"13":{"start":{"line":31,"column":2},"end":{"line":41,"column":4}},"14":{"start":{"line":32,"column":4},"end":{"line":34,"column":5}},"15":{"start":{"line":33,"column":6},"end":{"line":33,"column":72}},"16":{"start":{"line":36,"column":4},"end":{"line":38,"column":5}},"17":{"start":{"line":37,"column":6},"end":{"line":37,"column":73}},"18":{"start":{"line":40,"column":4},"end":{"line":40,"column":11}},"19":{"start":{"line":30,"column":13},"end":{"line":30,"column":27}},"20":{"start":{"line":44,"column":13},"end":{"line":44,"column":51}},"21":{"start":{"line":45,"column":13},"end":{"line":45,"column":62}},"22":{"start":{"line":46,"column":13},"end":{"line":46,"column":72}}},"fnMap":{"0":{"name":"(anonymous_0)","decl":{"start":{"line":13,"column":33},"end":{"line":13,"column":34}},"loc":{"start":{"line":13,"column":85},"end":{"line":28,"column":1}}},"1":{"name":"(anonymous_1)","decl":{"start":{"line":30,"column":27},"end":{"line":30,"column":28}},"loc":{"start":{"line":30,"column":47},"end":{"line":42,"column":1}}},"2":{"name":"(anonymous_2)","decl":{"start":{"line":31,"column":9},"end":{"line":31,"column":10}},"loc":{"start":{"line":31,"column":61},"end":{"line":41,"column":3}}}},"branchMap":{"0":{"loc":{"start":{"line":15,"column":16},"end":{"line":15,"column":54}},"type":"binary-expr","locations":[{"start":{"line":15,"column":16},"end":{"line":15,"column":26}},{"start":{"line":15,"column":30},"end":{"line":15,"column":54}}]},"1":{"loc":{"start":{"line":17,"column":2},"end":{"line":19,"column":3}},"type":"if","locations":[{"start":{"line":17,"column":2},"end":{"line":19,"column":3}}]},"2":{"loc":{"start":{"line":32,"column":4},"end":{"line":34,"column":5}},"type":"if","locations":[{"start":{"line":32,"column":4},"end":{"line":34,"column":5}}]},"3":{"loc":{"start":{"line":36,"column":4},"end":{"line":38,"column":5}},"type":"if","locations":[{"start":{"line":36,"column":4},"end":{"line":38,"column":5}}]}},"s":{"0":2,"1":2,"2":6,"3":6,"4":6,"5":4,"6":2,"7":2,"8":1,"9":1,"10":1,"11":2,"12":2,"13":6,"14":5,"15":1,"16":4,"17":1,"18":3,"19":2,"20":2,"21":2,"22":2},"f":{"0":6,"1":6,"2":5},"b":{"0":[6,3],"1":[4],"2":[1],"3":[1]}}
,"C:\\Users\\drago\\DEVELOPMENT\\dprogres_site\\backend\\src\\middleware\\domainValidation.ts": {"path":"C:\\Users\\drago\\DEVELOPMENT\\dprogres_site\\backend\\src\\middleware\\domainValidation.ts","statementMap":{"0":{"start":{"line":46,"column":0},"end":{"line":46,"column":7}},"1":{"start":{"line":88,"column":0},"end":{"line":88,"column":7}},"2":{"start":{"line":131,"column":0},"end":{"line":131,"column":16}},"3":{"start":{"line":2,"column":0},"end":{"line":2,"column":41}},"4":{"start":{"line":10,"column":31},"end":{"line":13,"column":2}},"5":{"start":{"line":15,"column":18},"end":{"line":15,"column":31}},"6":{"start":{"line":21,"column":2},"end":{"line":40,"column":3}},"7":{"start":{"line":22,"column":19},"end":{"line":24,"column":null}},"8":{"start":{"line":27,"column":4},"end":{"line":27,"column":93}},"9":{"start":{"line":27,"column":64},"end":{"line":27,"column":90}},"10":{"start":{"line":28,"column":4},"end":{"line":28,"column":41}},"11":{"start":{"line":31,"column":4},"end":{"line":31,"column":41}},"12":{"start":{"line":32,"column":4},"end":{"line":36,"column":5}},"13":{"start":{"line":33,"column":6},"end":{"line":33,"column":48}},"14":{"start":{"line":34,"column":6},"end":{"line":34,"column":48}},"15":{"start":{"line":35,"column":6},"end":{"line":35,"column":48}},"16":{"start":{"line":38,"column":4},"end":{"line":38,"column":60}},"17":{"start":{"line":51,"column":2},"end":{"line":82,"column":3}},"18":{"start":{"line":53,"column":16},"end":{"line":53,"column":26}},"19":{"start":{"line":54,"column":4},"end":{"line":56,"column":5}},"20":{"start":{"line":55,"column":6},"end":{"line":55,"column":33}},"21":{"start":{"line":59,"column":23},"end":{"line":59,"column":38}},"22":{"start":{"line":60,"column":4},"end":{"line":63,"column":5}},"23":{"start":{"line":61,"column":6},"end":{"line":61,"column":61}},"24":{"start":{"line":62,"column":6},"end":{"line":62,"column":13}},"25":{"start":{"line":66,"column":21},"end":{"line":66,"column":59}},"26":{"start":{"line":69,"column":4},"end":{"line":73,"column":5}},"27":{"start":{"line":70,"column":6},"end":{"line":70,"column":77}},"28":{"start":{"line":71,"column":6},"end":{"line":71,"column":54}},"29":{"start":{"line":72,"column":6},"end":{"line":72,"column":13}},"30":{"start":{"line":76,"column":5},"end":{"line":76,"column":44}},"31":{"start":{"line":78,"column":4},"end":{"line":78,"column":11}},"32":{"start":{"line":80,"column":4},"end":{"line":80,"column":53}},"33":{"start":{"line":81,"column":4},"end":{"line":81,"column":61}},"34":{"start":{"line":93,"column":2},"end":{"line":125,"column":3}},"35":{"start":{"line":94,"column":22},"end":{"line":94,"column":64}},"36":{"start":{"line":97,"column":19},"end":{"line":99,"column":null}},"37":{"start":{"line":102,"column":4},"end":{"line":117,"column":5}},"38":{"start":{"line":103,"column":7},"end":{"line":103,"column":43}},"39":{"start":{"line":106,"column":28},"end":{"line":108,"column":null}},"40":{"start":{"line":111,"column":6},"end":{"line":116,"column":7}},"41":{"start":{"line":112,"column":9},"end":{"line":112,"column":52}},"42":{"start":{"line":115,"column":9},"end":{"line":115,"column":35}},"43":{"start":{"line":119,"column":4},"end":{"line":119,"column":11}},"44":{"start":{"line":121,"column":4},"end":{"line":121,"column":53}},"45":{"start":{"line":123,"column":5},"end":{"line":123,"column":31}},"46":{"start":{"line":124,"column":4},"end":{"line":124,"column":11}},"47":{"start":{"line":132,"column":2},"end":{"line":135,"column":4}}},"fnMap":{"0":{"name":"refreshDomainCache","decl":{"start":{"line":20,"column":15},"end":{"line":20,"column":33}},"loc":{"start":{"line":20,"column":33},"end":{"line":41,"column":1}}},"1":{"name":"(anonymous_1)","decl":{"start":{"line":27,"column":50},"end":{"line":27,"column":51}},"loc":{"start":{"line":27,"column":64},"end":{"line":27,"column":90}}},"2":{"name":"validateDomain","decl":{"start":{"line":46,"column":22},"end":{"line":46,"column":36}},"loc":{"start":{"line":49,"column":20},"end":{"line":83,"column":1}}},"3":{"name":"resolveDomain","decl":{"start":{"line":88,"column":22},"end":{"line":88,"column":35}},"loc":{"start":{"line":91,"column":20},"end":{"line":126,"column":1}}},"4":{"name":"clearDomainCache","decl":{"start":{"line":131,"column":16},"end":{"line":131,"column":32}},"loc":{"start":{"line":131,"column":32},"end":{"line":136,"column":1}}}},"branchMap":{"0":{"loc":{"start":{"line":32,"column":4},"end":{"line":36,"column":5}},"type":"if","locations":[{"start":{"line":32,"column":4},"end":{"line":36,"column":5}}]},"1":{"loc":{"start":{"line":54,"column":4},"end":{"line":56,"column":5}},"type":"if","locations":[{"start":{"line":54,"column":4},"end":{"line":56,"column":5}}]},"2":{"loc":{"start":{"line":54,"column":8},"end":{"line":54,"column":83}},"type":"binary-expr","locations":[{"start":{"line":54,"column":8},"end":{"line":54,"column":49}},{"start":{"line":54,"column":53},"end":{"line":54,"column":83}}]},"3":{"loc":{"start":{"line":60,"column":4},"end":{"line":63,"column":5}},"type":"if","locations":[{"start":{"line":60,"column":4},"end":{"line":63,"column":5}}]},"4":{"loc":{"start":{"line":69,"column":4},"end":{"line":73,"column":5}},"type":"if","locations":[{"start":{"line":69,"column":4},"end":{"line":73,"column":5}}]},"5":{"loc":{"start":{"line":69,"column":8},"end":{"line":69,"column":96}},"type":"binary-expr","locations":[{"start":{"line":69,"column":8},"end":{"line":69,"column":42}},{"start":{"line":69,"column":46},"end":{"line":69,"column":96}}]},"6":{"loc":{"start":{"line":94,"column":22},"end":{"line":94,"column":64}},"type":"binary-expr","locations":[{"start":{"line":94,"column":22},"end":{"line":94,"column":49}},{"start":{"line":94,"column":53},"end":{"line":94,"column":64}}]},"7":{"loc":{"start":{"line":102,"column":4},"end":{"line":117,"column":5}},"type":"if","locations":[{"start":{"line":102,"column":4},"end":{"line":117,"column":5}},{"start":{"line":104,"column":11},"end":{"line":117,"column":5}}]},"8":{"loc":{"start":{"line":111,"column":6},"end":{"line":116,"column":7}},"type":"if","locations":[{"start":{"line":111,"column":6},"end":{"line":116,"column":7}},{"start":{"line":113,"column":13},"end":{"line":116,"column":7}}]}},"s":{"0":0,"1":0,"2":0,"3":0,"4":0,"5":0,"6":0,"7":0,"8":0,"9":0,"10":0,"11":0,"12":0,"13":0,"14":0,"15":0,"16":0,"17":0,"18":0,"19":0,"20":0,"21":0,"22":0,"23":0,"24":0,"25":0,"26":0,"27":0,"28":0,"29":0,"30":0,"31":0,"32":0,"33":0,"34":0,"35":0,"36":0,"37":0,"38":0,"39":0,"40":0,"41":0,"42":0,"43":0,"44":0,"45":0,"46":0,"47":0},"f":{"0":0,"1":0,"2":0,"3":0,"4":0},"b":{"0":[0],"1":[0],"2":[0,0],"3":[0],"4":[0],"5":[0,0],"6":[0,0],"7":[0,0],"8":[0,0]}}
,"C:\\Users\\drago\\DEVELOPMENT\\dprogres_site\\backend\\src\\middleware\\siteResolver.ts": {"path":"C:\\Users\\drago\\DEVELOPMENT\\dprogres_site\\backend\\src\\middleware\\siteResolver.ts","statementMap":{"0":{"start":{"line":29,"column":0},"end":{"line":29,"column":7}},"1":{"start":{"line":133,"column":0},"end":{"line":133,"column":16}},"2":{"start":{"line":150,"column":0},"end":{"line":150,"column":16}},"3":{"start":{"line":157,"column":0},"end":{"line":157,"column":16}},"4":{"start":{"line":2,"column":0},"end":{"line":2,"column":41}},"5":{"start":{"line":3,"column":0},"end":{"line":3,"column":56}},"6":{"start":{"line":22,"column":18},"end":{"line":22,"column":69}},"7":{"start":{"line":23,"column":18},"end":{"line":23,"column":31}},"8":{"start":{"line":34,"column":2},"end":{"line":126,"column":3}},"9":{"start":{"line":36,"column":4},"end":{"line":43,"column":5}},"10":{"start":{"line":42,"column":6},"end":{"line":42,"column":20}},"11":{"start":{"line":46,"column":23},"end":{"line":46,"column":38}},"12":{"start":{"line":47,"column":4},"end":{"line":49,"column":5}},"13":{"start":{"line":48,"column":6},"end":{"line":48,"column":20}},"14":{"start":{"line":51,"column":21},"end":{"line":51,"column":59}},"15":{"start":{"line":54,"column":25},"end":{"line":54,"column":60}},"16":{"start":{"line":55,"column":29},"end":{"line":55,"column":82}},"17":{"start":{"line":58,"column":21},"end":{"line":58,"column":54}},"18":{"start":{"line":59,"column":19},"end":{"line":59,"column":42}},"19":{"start":{"line":61,"column":4},"end":{"line":64,"column":5}},"20":{"start":{"line":62,"column":6},"end":{"line":62,"column":36}},"21":{"start":{"line":63,"column":6},"end":{"line":63,"column":20}},"22":{"start":{"line":67,"column":19},"end":{"line":67,"column":50}},"23":{"start":{"line":69,"column":4},"end":{"line":73,"column":5}},"24":{"start":{"line":72,"column":6},"end":{"line":72,"column":20}},"25":{"start":{"line":76,"column":21},"end":{"line":81,"column":null}},"26":{"start":{"line":85,"column":4},"end":{"line":93,"column":5}},"27":{"start":{"line":86,"column":6},"end":{"line":92,"column":8}},"28":{"start":{"line":96,"column":4},"end":{"line":104,"column":5}},"29":{"start":{"line":97,"column":6},"end":{"line":103,"column":8}},"30":{"start":{"line":106,"column":17},"end":{"line":106,"column":35}},"31":{"start":{"line":108,"column":37},"end":{"line":113,"column":6}},"32":{"start":{"line":116,"column":4},"end":{"line":116,"column":74}},"33":{"start":{"line":119,"column":4},"end":{"line":119,"column":34}},"34":{"start":{"line":121,"column":4},"end":{"line":121,"column":11}},"35":{"start":{"line":123,"column":4},"end":{"line":123,"column":63}},"36":{"start":{"line":125,"column":4},"end":{"line":125,"column":11}},"37":{"start":{"line":138,"column":2},"end":{"line":143,"column":3}},"38":{"start":{"line":139,"column":4},"end":{"line":141,"column":7}},"39":{"start":{"line":142,"column":4},"end":{"line":142,"column":11}},"40":{"start":{"line":144,"column":2},"end":{"line":144,"column":9}},"41":{"start":{"line":151,"column":2},"end":{"line":151,"column":20}},"42":{"start":{"line":158,"column":19},"end":{"line":158,"column":44}},"43":{"start":{"line":159,"column":2},"end":{"line":159,"column":29}}},"fnMap":{"0":{"name":"siteResolver","decl":{"start":{"line":29,"column":22},"end":{"line":29,"column":34}},"loc":{"start":{"line":32,"column":20},"end":{"line":127,"column":1}}},"1":{"name":"requireSiteContext","decl":{"start":{"line":133,"column":16},"end":{"line":133,"column":34}},"loc":{"start":{"line":136,"column":20},"end":{"line":145,"column":1}}},"2":{"name":"clearSiteCache","decl":{"start":{"line":150,"column":16},"end":{"line":150,"column":30}},"loc":{"start":{"line":150,"column":30},"end":{"line":152,"column":1}}},"3":{"name":"clearSiteCacheEntry","decl":{"start":{"line":157,"column":16},"end":{"line":157,"column":35}},"loc":{"start":{"line":157,"column":70},"end":{"line":160,"column":1}}}},"branchMap":{"0":{"loc":{"start":{"line":36,"column":4},"end":{"line":43,"column":5}},"type":"if","locations":[{"start":{"line":36,"column":4},"end":{"line":43,"column":5}}]},"1":{"loc":{"start":{"line":37,"column":6},"end":{"line":40,"column":45}},"type":"binary-expr","locations":[{"start":{"line":37,"column":6},"end":{"line":37,"column":38}},{"start":{"line":38,"column":6},"end":{"line":38,"column":40}},{"start":{"line":39,"column":6},"end":{"line":39,"column":47}},{"start":{"line":40,"column":6},"end":{"line":40,"column":45}}]},"2":{"loc":{"start":{"line":47,"column":4},"end":{"line":49,"column":5}},"type":"if","locations":[{"start":{"line":47,"column":4},"end":{"line":49,"column":5}}]},"3":{"loc":{"start":{"line":55,"column":29},"end":{"line":55,"column":82}},"type":"cond-expr","locations":[{"start":{"line":55,"column":55},"end":{"line":55,"column":76}},{"start":{"line":55,"column":79},"end":{"line":55,"column":82}}]},"4":{"loc":{"start":{"line":61,"column":4},"end":{"line":64,"column":5}},"type":"if","locations":[{"start":{"line":61,"column":4},"end":{"line":64,"column":5}}]},"5":{"loc":{"start":{"line":61,"column":8},"end":{"line":61,"column":59}},"type":"binary-expr","locations":[{"start":{"line":61,"column":8},"end":{"line":61,"column":14}},{"start":{"line":61,"column":18},"end":{"line":61,"column":59}}]},"6":{"loc":{"start":{"line":69,"column":4},"end":{"line":73,"column":5}},"type":"if","locations":[{"start":{"line":69,"column":4},"end":{"line":73,"column":5}}]},"7":{"loc":{"start":{"line":85,"column":4},"end":{"line":93,"column":5}},"type":"if","locations":[{"start":{"line":85,"column":4},"end":{"line":93,"column":5}}]},"8":{"loc":{"start":{"line":85,"column":8},"end":{"line":85,"column":64}},"type":"binary-expr","locations":[{"start":{"line":85,"column":8},"end":{"line":85,"column":36}},{"start":{"line":85,"column":40},"end":{"line":85,"column":64}}]},"9":{"loc":{"start":{"line":96,"column":4},"end":{"line":104,"column":5}},"type":"if","locations":[{"start":{"line":96,"column":4},"end":{"line":104,"column":5}}]},"10":{"loc":{"start":{"line":110,"column":14},"end":{"line":110,"column":30}},"type":"binary-expr","locations":[{"start":{"line":110,"column":14},"end":{"line":110,"column":22}},{"start":{"line":110,"column":26},"end":{"line":110,"column":30}}]},"11":{"loc":{"start":{"line":111,"column":16},"end":{"line":111,"column":45}},"type":"binary-expr","locations":[{"start":{"line":111,"column":16},"end":{"line":111,"column":26}},{"start":{"line":111,"column":30},"end":{"line":111,"column":45}}]},"12":{"loc":{"start":{"line":112,"column":16},"end":{"line":112,"column":38}},"type":"binary-expr","locations":[{"start":{"line":112,"column":16},"end":{"line":112,"column":31}},{"start":{"line":112,"column":35},"end":{"line":112,"column":38}}]},"13":{"loc":{"start":{"line":138,"column":2},"end":{"line":143,"column":3}},"type":"if","locations":[{"start":{"line":138,"column":2},"end":{"line":143,"column":3}}]},"14":{"loc":{"start":{"line":138,"column":6},"end":{"line":138,"column":49}},"type":"binary-expr","locations":[{"start":{"line":138,"column":6},"end":{"line":138,"column":22}},{"start":{"line":138,"column":26},"end":{"line":138,"column":49}}]}},"s":{"0":2,"1":2,"2":2,"3":2,"4":2,"5":2,"6":2,"7":2,"8":10,"9":10,"10":2,"11":8,"12":8,"13":1,"14":7,"15":7,"16":7,"17":7,"18":7,"19":7,"20":1,"21":1,"22":6,"23":5,"24":1,"25":4,"26":4,"27":1,"28":4,"29":1,"30":4,"31":4,"32":4,"33":4,"34":4,"35":1,"36":1,"37":3,"38":2,"39":2,"40":1,"41":12,"42":0,"43":0},"f":{"0":10,"1":3,"2":12,"3":0},"b":{"0":[2],"1":[10,9,8,8],"2":[1],"3":[2,5],"4":[1],"5":[7,1],"6":[1],"7":[1],"8":[4,1],"9":[1],"10":[4,0],"11":[4,0],"12":[4,0],"13":[2],"14":[3,2]}}
,"C:\\Users\\drago\\DEVELOPMENT\\dprogres_site\\backend\\src\\middleware\\validation.ts": {"path":"C:\\Users\\drago\\DEVELOPMENT\\dprogres_site\\backend\\src\\middleware\\validation.ts","statementMap":{"0":{"start":{"line":2,"column":0},"end":{"line":2,"column":22}},"1":{"start":{"line":4,"column":24},"end":{"line":25,"column":1}},"2":{"start":{"line":5,"column":2},"end":{"line":24,"column":4}},"3":{"start":{"line":6,"column":29},"end":{"line":9,"column":6}},"4":{"start":{"line":11,"column":4},"end":{"line":19,"column":5}},"5":{"start":{"line":12,"column":6},"end":{"line":18,"column":9}},"6":{"start":{"line":14,"column":48},"end":{"line":17,"column":10}},"7":{"start":{"line":22,"column":5},"end":{"line":22,"column":30}},"8":{"start":{"line":23,"column":4},"end":{"line":23,"column":11}},"9":{"start":{"line":4,"column":13},"end":{"line":4,"column":24}},"10":{"start":{"line":28,"column":13},"end":{"line":28,"column":40}},"11":{"start":{"line":31,"column":13},"end":{"line":34,"column":3}},"12":{"start":{"line":36,"column":13},"end":{"line":41,"column":3}},"13":{"start":{"line":44,"column":13},"end":{"line":60,"column":3}},"14":{"start":{"line":62,"column":13},"end":{"line":78,"column":3}},"15":{"start":{"line":81,"column":13},"end":{"line":86,"column":3}},"16":{"start":{"line":88,"column":13},"end":{"line":93,"column":3}},"17":{"start":{"line":96,"column":13},"end":{"line":106,"column":3}},"18":{"start":{"line":108,"column":13},"end":{"line":118,"column":3}},"19":{"start":{"line":121,"column":13},"end":{"line":128,"column":3}},"20":{"start":{"line":130,"column":13},"end":{"line":137,"column":3}}},"fnMap":{"0":{"name":"(anonymous_1)","decl":{"start":{"line":4,"column":24},"end":{"line":4,"column":25}},"loc":{"start":{"line":4,"column":53},"end":{"line":25,"column":1}}},"1":{"name":"(anonymous_2)","decl":{"start":{"line":5,"column":9},"end":{"line":5,"column":10}},"loc":{"start":{"line":5,"column":61},"end":{"line":24,"column":3}}},"2":{"name":"(anonymous_3)","decl":{"start":{"line":14,"column":35},"end":{"line":14,"column":36}},"loc":{"start":{"line":14,"column":48},"end":{"line":17,"column":10}}}},"branchMap":{"0":{"loc":{"start":{"line":11,"column":4},"end":{"line":19,"column":5}},"type":"if","locations":[{"start":{"line":11,"column":4},"end":{"line":19,"column":5}}]}},"s":{"0":1,"1":1,"2":2,"3":5,"4":5,"5":2,"6":2,"7":3,"8":3,"9":1,"10":1,"11":1,"12":1,"13":1,"14":1,"15":1,"16":1,"17":1,"18":1,"19":1,"20":1},"f":{"0":2,"1":5,"2":2},"b":{"0":[2]}}
,"C:\\Users\\drago\\DEVELOPMENT\\dprogres_site\\backend\\src\\routes\\admin.ts": {"path":"C:\\Users\\drago\\DEVELOPMENT\\dprogres_site\\backend\\src\\routes\\admin.ts","statementMap":{"0":{"start":{"line":1,"column":0},"end":{"line":1,"column":30}},"1":{"start":{"line":3,"column":0},"end":{"line":3,"column":42}},"2":{"start":{"line":4,"column":0},"end":{"line":4,"column":55}},"3":{"start":{"line":6,"column":15},"end":{"line":6,"column":31}},"4":{"start":{"line":9,"column":0},"end":{"line":9,"column":30}},"5":{"start":{"line":12,"column":0},"end":{"line":62,"column":3}},"6":{"start":{"line":13,"column":2},"end":{"line":61,"column":3}},"7":{"start":{"line":15,"column":4},"end":{"line":17,"column":5}},"8":{"start":{"line":16,"column":6},"end":{"line":16,"column":62}},"9":{"start":{"line":20,"column":70},"end":{"line":25,"column":6}},"10":{"start":{"line":28,"column":30},"end":{"line":29,"column":null}},"11":{"start":{"line":33,"column":32},"end":{"line":34,"column":null}},"12":{"start":{"line":37,"column":53},"end":{"line":37,"column":55}},"13":{"start":{"line":38,"column":4},"end":{"line":40,"column":7}},"14":{"start":{"line":39,"column":6},"end":{"line":39,"column":54}},"15":{"start":{"line":43,"column":31},"end":{"line":44,"column":null}},"16":{"start":{"line":47,"column":18},"end":{"line":55,"column":6}},"17":{"start":{"line":57,"column":4},"end":{"line":57,"column":20}},"18":{"start":{"line":59,"column":4},"end":{"line":59,"column":51}},"19":{"start":{"line":60,"column":4},"end":{"line":60,"column":61}},"20":{"start":{"line":65,"column":0},"end":{"line":172,"column":3}},"21":{"start":{"line":66,"column":2},"end":{"line":171,"column":3}},"22":{"start":{"line":68,"column":4},"end":{"line":70,"column":5}},"23":{"start":{"line":69,"column":6},"end":{"line":69,"column":62}},"24":{"start":{"line":79,"column":8},"end":{"line":79,"column":17}},"25":{"start":{"line":81,"column":19},"end":{"line":81,"column":53}},"26":{"start":{"line":83,"column":22},"end":{"line":83,"column":33}},"27":{"start":{"line":84,"column":26},"end":{"line":84,"column":28}},"28":{"start":{"line":85,"column":21},"end":{"line":85,"column":22}},"29":{"start":{"line":88,"column":4},"end":{"line":91,"column":5}},"30":{"start":{"line":89,"column":6},"end":{"line":89,"column":59}},"31":{"start":{"line":90,"column":6},"end":{"line":90,"column":35}},"32":{"start":{"line":93,"column":4},"end":{"line":96,"column":5}},"33":{"start":{"line":94,"column":6},"end":{"line":94,"column":129}},"34":{"start":{"line":95,"column":6},"end":{"line":95,"column":33}},"35":{"start":{"line":98,"column":4},"end":{"line":101,"column":5}},"36":{"start":{"line":99,"column":6},"end":{"line":99,"column":56}},"37":{"start":{"line":100,"column":6},"end":{"line":100,"column":26}},"38":{"start":{"line":103,"column":4},"end":{"line":106,"column":5}},"39":{"start":{"line":104,"column":6},"end":{"line":104,"column":54}},"40":{"start":{"line":105,"column":6},"end":{"line":105,"column":28}},"41":{"start":{"line":108,"column":4},"end":{"line":111,"column":5}},"42":{"start":{"line":109,"column":6},"end":{"line":109,"column":59}},"43":{"start":{"line":110,"column":6},"end":{"line":110,"column":26}},"44":{"start":{"line":113,"column":23},"end":{"line":136,"column":6}},"45":{"start":{"line":138,"column":4},"end":{"line":138,"column":31}},"46":{"start":{"line":140,"column":23},"end":{"line":146,"column":6}},"47":{"start":{"line":148,"column":39},"end":{"line":151,"column":6}},"48":{"start":{"line":153,"column":18},"end":{"line":153,"column":34}},"49":{"start":{"line":154,"column":23},"end":{"line":154,"column":58}},"50":{"start":{"line":155,"column":23},"end":{"line":155,"column":60}},"51":{"start":{"line":157,"column":4},"end":{"line":167,"column":7}},"52":{"start":{"line":169,"column":4},"end":{"line":169,"column":51}},"53":{"start":{"line":170,"column":4},"end":{"line":170,"column":61}},"54":{"start":{"line":175,"column":0},"end":{"line":199,"column":3}},"55":{"start":{"line":176,"column":2},"end":{"line":198,"column":3}},"56":{"start":{"line":177,"column":4},"end":{"line":179,"column":5}},"57":{"start":{"line":178,"column":6},"end":{"line":178,"column":62}},"58":{"start":{"line":181,"column":19},"end":{"line":181,"column":29}},"59":{"start":{"line":182,"column":19},"end":{"line":187,"column":null}},"60":{"start":{"line":190,"column":4},"end":{"line":192,"column":5}},"61":{"start":{"line":191,"column":6},"end":{"line":191,"column":63}},"62":{"start":{"line":194,"column":4},"end":{"line":194,"column":39}},"63":{"start":{"line":196,"column":4},"end":{"line":196,"column":56}},"64":{"start":{"line":197,"column":4},"end":{"line":197,"column":61}},"65":{"start":{"line":202,"column":0},"end":{"line":230,"column":3}},"66":{"start":{"line":203,"column":2},"end":{"line":229,"column":3}},"67":{"start":{"line":205,"column":4},"end":{"line":207,"column":5}},"68":{"start":{"line":206,"column":6},"end":{"line":206,"column":62}},"69":{"start":{"line":209,"column":28},"end":{"line":219,"column":6}},"70":{"start":{"line":221,"column":19},"end":{"line":221,"column":47}},"71":{"start":{"line":223,"column":4},"end":{"line":225,"column":7}},"72":{"start":{"line":227,"column":4},"end":{"line":227,"column":56}},"73":{"start":{"line":228,"column":4},"end":{"line":228,"column":61}},"74":{"start":{"line":233,"column":0},"end":{"line":312,"column":3}},"75":{"start":{"line":234,"column":2},"end":{"line":311,"column":3}},"76":{"start":{"line":236,"column":4},"end":{"line":238,"column":5}},"77":{"start":{"line":237,"column":6},"end":{"line":237,"column":62}},"78":{"start":{"line":246,"column":8},"end":{"line":246,"column":17}},"79":{"start":{"line":248,"column":19},"end":{"line":248,"column":53}},"80":{"start":{"line":250,"column":22},"end":{"line":250,"column":33}},"81":{"start":{"line":251,"column":26},"end":{"line":251,"column":28}},"82":{"start":{"line":252,"column":21},"end":{"line":252,"column":22}},"83":{"start":{"line":254,"column":4},"end":{"line":257,"column":5}},"84":{"start":{"line":255,"column":6},"end":{"line":255,"column":95}},"85":{"start":{"line":256,"column":6},"end":{"line":256,"column":33}},"86":{"start":{"line":259,"column":4},"end":{"line":262,"column":5}},"87":{"start":{"line":260,"column":6},"end":{"line":260,"column":58}},"88":{"start":{"line":261,"column":6},"end":{"line":261,"column":28}},"89":{"start":{"line":264,"column":4},"end":{"line":267,"column":5}},"90":{"start":{"line":265,"column":6},"end":{"line":265,"column":59}},"91":{"start":{"line":266,"column":6},"end":{"line":266,"column":48}},"92":{"start":{"line":269,"column":23},"end":{"line":278,"column":6}},"93":{"start":{"line":280,"column":4},"end":{"line":280,"column":31}},"94":{"start":{"line":282,"column":23},"end":{"line":286,"column":6}},"95":{"start":{"line":288,"column":39},"end":{"line":291,"column":6}},"96":{"start":{"line":293,"column":18},"end":{"line":293,"column":34}},"97":{"start":{"line":294,"column":23},"end":{"line":294,"column":58}},"98":{"start":{"line":295,"column":23},"end":{"line":295,"column":60}},"99":{"start":{"line":297,"column":4},"end":{"line":307,"column":7}},"100":{"start":{"line":309,"column":4},"end":{"line":309,"column":51}},"101":{"start":{"line":310,"column":4},"end":{"line":310,"column":61}},"102":{"start":{"line":315,"column":0},"end":{"line":336,"column":3}},"103":{"start":{"line":316,"column":2},"end":{"line":335,"column":3}},"104":{"start":{"line":317,"column":4},"end":{"line":319,"column":5}},"105":{"start":{"line":318,"column":6},"end":{"line":318,"column":62}},"106":{"start":{"line":321,"column":19},"end":{"line":321,"column":29}},"107":{"start":{"line":322,"column":19},"end":{"line":324,"column":null}},"108":{"start":{"line":327,"column":4},"end":{"line":329,"column":5}},"109":{"start":{"line":328,"column":6},"end":{"line":328,"column":63}},"110":{"start":{"line":331,"column":4},"end":{"line":331,"column":39}},"111":{"start":{"line":333,"column":4},"end":{"line":333,"column":56}},"112":{"start":{"line":334,"column":4},"end":{"line":334,"column":61}},"113":{"start":{"line":339,"column":0},"end":{"line":354,"column":3}},"114":{"start":{"line":340,"column":2},"end":{"line":353,"column":3}},"115":{"start":{"line":341,"column":4},"end":{"line":343,"column":5}},"116":{"start":{"line":342,"column":6},"end":{"line":342,"column":74}},"117":{"start":{"line":345,"column":19},"end":{"line":346,"column":null}},"118":{"start":{"line":349,"column":4},"end":{"line":349,"column":37}},"119":{"start":{"line":351,"column":4},"end":{"line":351,"column":45}},"120":{"start":{"line":352,"column":4},"end":{"line":352,"column":61}},"121":{"start":{"line":357,"column":0},"end":{"line":388,"column":3}},"122":{"start":{"line":358,"column":2},"end":{"line":387,"column":3}},"123":{"start":{"line":359,"column":4},"end":{"line":361,"column":5}},"124":{"start":{"line":360,"column":6},"end":{"line":360,"column":81}},"125":{"start":{"line":363,"column":19},"end":{"line":363,"column":29}},"126":{"start":{"line":364,"column":21},"end":{"line":364,"column":29}},"127":{"start":{"line":366,"column":23},"end":{"line":366,"column":52}},"128":{"start":{"line":367,"column":4},"end":{"line":369,"column":5}},"129":{"start":{"line":368,"column":6},"end":{"line":368,"column":61}},"130":{"start":{"line":371,"column":19},"end":{"line":373,"column":null}},"131":{"start":{"line":376,"column":4},"end":{"line":378,"column":5}},"132":{"start":{"line":377,"column":6},"end":{"line":377,"column":63}},"133":{"start":{"line":380,"column":4},"end":{"line":383,"column":7}},"134":{"start":{"line":385,"column":4},"end":{"line":385,"column":52}},"135":{"start":{"line":386,"column":4},"end":{"line":386,"column":61}},"136":{"start":{"line":391,"column":0},"end":{"line":415,"column":3}},"137":{"start":{"line":392,"column":2},"end":{"line":414,"column":3}},"138":{"start":{"line":393,"column":4},"end":{"line":395,"column":5}},"139":{"start":{"line":394,"column":6},"end":{"line":394,"column":76}},"140":{"start":{"line":397,"column":19},"end":{"line":397,"column":29}},"141":{"start":{"line":400,"column":4},"end":{"line":402,"column":5}},"142":{"start":{"line":401,"column":6},"end":{"line":401,"column":79}},"143":{"start":{"line":404,"column":19},"end":{"line":404,"column":84}},"144":{"start":{"line":406,"column":4},"end":{"line":408,"column":5}},"145":{"start":{"line":407,"column":6},"end":{"line":407,"column":63}},"146":{"start":{"line":410,"column":4},"end":{"line":410,"column":55}},"147":{"start":{"line":412,"column":4},"end":{"line":412,"column":47}},"148":{"start":{"line":413,"column":4},"end":{"line":413,"column":61}},"149":{"start":{"line":418,"column":0},"end":{"line":462,"column":3}},"150":{"start":{"line":419,"column":2},"end":{"line":461,"column":3}},"151":{"start":{"line":420,"column":32},"end":{"line":420,"column":40}},"152":{"start":{"line":422,"column":4},"end":{"line":424,"column":5}},"153":{"start":{"line":423,"column":6},"end":{"line":423,"column":81}},"154":{"start":{"line":426,"column":19},"end":{"line":426,"column":35}},"155":{"start":{"line":427,"column":21},"end":{"line":427,"column":35}},"156":{"start":{"line":429,"column":20},"end":{"line":429,"column":22}},"157":{"start":{"line":430,"column":24},"end":{"line":430,"column":26}},"158":{"start":{"line":432,"column":4},"end":{"line":453,"column":5}},"159":{"start":{"line":434,"column":8},"end":{"line":434,"column":113}},"160":{"start":{"line":435,"column":8},"end":{"line":435,"column":27}},"161":{"start":{"line":436,"column":8},"end":{"line":436,"column":14}},"162":{"start":{"line":438,"column":8},"end":{"line":438,"column":109}},"163":{"start":{"line":439,"column":8},"end":{"line":439,"column":27}},"164":{"start":{"line":440,"column":8},"end":{"line":440,"column":14}},"165":{"start":{"line":443,"column":8},"end":{"line":449,"column":9}},"166":{"start":{"line":444,"column":10},"end":{"line":444,"column":61}},"167":{"start":{"line":445,"column":10},"end":{"line":445,"column":29}},"168":{"start":{"line":447,"column":10},"end":{"line":447,"column":80}},"169":{"start":{"line":448,"column":10},"end":{"line":448,"column":37}},"170":{"start":{"line":450,"column":8},"end":{"line":450,"column":14}},"171":{"start":{"line":452,"column":8},"end":{"line":452,"column":65}},"172":{"start":{"line":455,"column":4},"end":{"line":455,"column":35}},"173":{"start":{"line":457,"column":4},"end":{"line":457,"column":67}},"174":{"start":{"line":459,"column":4},"end":{"line":459,"column":47}},"175":{"start":{"line":460,"column":4},"end":{"line":460,"column":61}},"176":{"start":{"line":464,"column":0},"end":{"line":464,"column":22}}},"fnMap":{"0":{"name":"(anonymous_1)","decl":{"start":{"line":12,"column":25},"end":{"line":12,"column":30}},"loc":{"start":{"line":12,"column":63},"end":{"line":62,"column":1}}},"1":{"name":"(anonymous_2)","decl":{"start":{"line":38,"column":37},"end":{"line":38,"column":38}},"loc":{"start":{"line":38,"column":45},"end":{"line":40,"column":5}}},"2":{"name":"(anonymous_3)","decl":{"start":{"line":65,"column":21},"end":{"line":65,"column":26}},"loc":{"start":{"line":65,"column":59},"end":{"line":172,"column":1}}},"3":{"name":"(anonymous_4)","decl":{"start":{"line":175,"column":25},"end":{"line":175,"column":30}},"loc":{"start":{"line":175,"column":63},"end":{"line":199,"column":1}}},"4":{"name":"(anonymous_5)","decl":{"start":{"line":202,"column":26},"end":{"line":202,"column":31}},"loc":{"start":{"line":202,"column":64},"end":{"line":230,"column":1}}},"5":{"name":"(anonymous_6)","decl":{"start":{"line":233,"column":21},"end":{"line":233,"column":26}},"loc":{"start":{"line":233,"column":59},"end":{"line":312,"column":1}}},"6":{"name":"(anonymous_7)","decl":{"start":{"line":315,"column":25},"end":{"line":315,"column":30}},"loc":{"start":{"line":315,"column":63},"end":{"line":336,"column":1}}},"7":{"name":"(anonymous_8)","decl":{"start":{"line":339,"column":21},"end":{"line":339,"column":26}},"loc":{"start":{"line":339,"column":59},"end":{"line":354,"column":1}}},"8":{"name":"(anonymous_9)","decl":{"start":{"line":357,"column":30},"end":{"line":357,"column":35}},"loc":{"start":{"line":357,"column":68},"end":{"line":388,"column":1}}},"9":{"name":"(anonymous_10)","decl":{"start":{"line":391,"column":28},"end":{"line":391,"column":33}},"loc":{"start":{"line":391,"column":66},"end":{"line":415,"column":1}}},"10":{"name":"(anonymous_11)","decl":{"start":{"line":418,"column":27},"end":{"line":418,"column":32}},"loc":{"start":{"line":418,"column":65},"end":{"line":462,"column":1}}}},"branchMap":{"0":{"loc":{"start":{"line":15,"column":4},"end":{"line":17,"column":5}},"type":"if","locations":[{"start":{"line":15,"column":4},"end":{"line":17,"column":5}}]},"1":{"loc":{"start":{"line":15,"column":8},"end":{"line":15,"column":65}},"type":"binary-expr","locations":[{"start":{"line":15,"column":8},"end":{"line":15,"column":17}},{"start":{"line":15,"column":21},"end":{"line":15,"column":65}}]},"2":{"loc":{"start":{"line":68,"column":4},"end":{"line":70,"column":5}},"type":"if","locations":[{"start":{"line":68,"column":4},"end":{"line":70,"column":5}}]},"3":{"loc":{"start":{"line":68,"column":8},"end":{"line":68,"column":75}},"type":"binary-expr","locations":[{"start":{"line":68,"column":8},"end":{"line":68,"column":17}},{"start":{"line":68,"column":21},"end":{"line":68,"column":75}}]},"4":{"loc":{"start":{"line":73,"column":6},"end":{"line":73,"column":14}},"type":"default-arg","locations":[{"start":{"line":73,"column":13},"end":{"line":73,"column":14}}]},"5":{"loc":{"start":{"line":74,"column":6},"end":{"line":74,"column":16}},"type":"default-arg","locations":[{"start":{"line":74,"column":14},"end":{"line":74,"column":16}}]},"6":{"loc":{"start":{"line":88,"column":4},"end":{"line":91,"column":5}},"type":"if","locations":[{"start":{"line":88,"column":4},"end":{"line":91,"column":5}}]},"7":{"loc":{"start":{"line":93,"column":4},"end":{"line":96,"column":5}},"type":"if","locations":[{"start":{"line":93,"column":4},"end":{"line":96,"column":5}}]},"8":{"loc":{"start":{"line":98,"column":4},"end":{"line":101,"column":5}},"type":"if","locations":[{"start":{"line":98,"column":4},"end":{"line":101,"column":5}}]},"9":{"loc":{"start":{"line":103,"column":4},"end":{"line":106,"column":5}},"type":"if","locations":[{"start":{"line":103,"column":4},"end":{"line":106,"column":5}}]},"10":{"loc":{"start":{"line":108,"column":4},"end":{"line":111,"column":5}},"type":"if","locations":[{"start":{"line":108,"column":4},"end":{"line":111,"column":5}}]},"11":{"loc":{"start":{"line":177,"column":4},"end":{"line":179,"column":5}},"type":"if","locations":[{"start":{"line":177,"column":4},"end":{"line":179,"column":5}}]},"12":{"loc":{"start":{"line":177,"column":8},"end":{"line":177,"column":75}},"type":"binary-expr","locations":[{"start":{"line":177,"column":8},"end":{"line":177,"column":17}},{"start":{"line":177,"column":21},"end":{"line":177,"column":75}}]},"13":{"loc":{"start":{"line":190,"column":4},"end":{"line":192,"column":5}},"type":"if","locations":[{"start":{"line":190,"column":4},"end":{"line":192,"column":5}}]},"14":{"loc":{"start":{"line":205,"column":4},"end":{"line":207,"column":5}},"type":"if","locations":[{"start":{"line":205,"column":4},"end":{"line":207,"column":5}}]},"15":{"loc":{"start":{"line":205,"column":8},"end":{"line":205,"column":75}},"type":"binary-expr","locations":[{"start":{"line":205,"column":8},"end":{"line":205,"column":17}},{"start":{"line":205,"column":21},"end":{"line":205,"column":75}}]},"16":{"loc":{"start":{"line":236,"column":4},"end":{"line":238,"column":5}},"type":"if","locations":[{"start":{"line":236,"column":4},"end":{"line":238,"column":5}}]},"17":{"loc":{"start":{"line":236,"column":8},"end":{"line":236,"column":75}},"type":"binary-expr","locations":[{"start":{"line":236,"column":8},"end":{"line":236,"column":17}},{"start":{"line":236,"column":21},"end":{"line":236,"column":75}}]},"18":{"loc":{"start":{"line":241,"column":6},"end":{"line":241,"column":14}},"type":"default-arg","locations":[{"start":{"line":241,"column":13},"end":{"line":241,"column":14}}]},"19":{"loc":{"start":{"line":242,"column":6},"end":{"line":242,"column":16}},"type":"default-arg","locations":[{"start":{"line":242,"column":14},"end":{"line":242,"column":16}}]},"20":{"loc":{"start":{"line":254,"column":4},"end":{"line":257,"column":5}},"type":"if","locations":[{"start":{"line":254,"column":4},"end":{"line":257,"column":5}}]},"21":{"loc":{"start":{"line":259,"column":4},"end":{"line":262,"column":5}},"type":"if","locations":[{"start":{"line":259,"column":4},"end":{"line":262,"column":5}}]},"22":{"loc":{"start":{"line":264,"column":4},"end":{"line":267,"column":5}},"type":"if","locations":[{"start":{"line":264,"column":4},"end":{"line":267,"column":5}}]},"23":{"loc":{"start":{"line":317,"column":4},"end":{"line":319,"column":5}},"type":"if","locations":[{"start":{"line":317,"column":4},"end":{"line":319,"column":5}}]},"24":{"loc":{"start":{"line":317,"column":8},"end":{"line":317,"column":75}},"type":"binary-expr","locations":[{"start":{"line":317,"column":8},"end":{"line":317,"column":17}},{"start":{"line":317,"column":21},"end":{"line":317,"column":75}}]},"25":{"loc":{"start":{"line":327,"column":4},"end":{"line":329,"column":5}},"type":"if","locations":[{"start":{"line":327,"column":4},"end":{"line":329,"column":5}}]},"26":{"loc":{"start":{"line":341,"column":4},"end":{"line":343,"column":5}},"type":"if","locations":[{"start":{"line":341,"column":4},"end":{"line":343,"column":5}}]},"27":{"loc":{"start":{"line":359,"column":4},"end":{"line":361,"column":5}},"type":"if","locations":[{"start":{"line":359,"column":4},"end":{"line":361,"column":5}}]},"28":{"loc":{"start":{"line":367,"column":4},"end":{"line":369,"column":5}},"type":"if","locations":[{"start":{"line":367,"column":4},"end":{"line":369,"column":5}}]},"29":{"loc":{"start":{"line":376,"column":4},"end":{"line":378,"column":5}},"type":"if","locations":[{"start":{"line":376,"column":4},"end":{"line":378,"column":5}}]},"30":{"loc":{"start":{"line":393,"column":4},"end":{"line":395,"column":5}},"type":"if","locations":[{"start":{"line":393,"column":4},"end":{"line":395,"column":5}}]},"31":{"loc":{"start":{"line":400,"column":4},"end":{"line":402,"column":5}},"type":"if","locations":[{"start":{"line":400,"column":4},"end":{"line":402,"column":5}}]},"32":{"loc":{"start":{"line":406,"column":4},"end":{"line":408,"column":5}},"type":"if","locations":[{"start":{"line":406,"column":4},"end":{"line":408,"column":5}}]},"33":{"loc":{"start":{"line":422,"column":4},"end":{"line":424,"column":5}},"type":"if","locations":[{"start":{"line":422,"column":4},"end":{"line":424,"column":5}}]},"34":{"loc":{"start":{"line":422,"column":8},"end":{"line":422,"column":66}},"type":"binary-expr","locations":[{"start":{"line":422,"column":8},"end":{"line":422,"column":15}},{"start":{"line":422,"column":19},"end":{"line":422,"column":42}},{"start":{"line":422,"column":46},"end":{"line":422,"column":66}}]},"35":{"loc":{"start":{"line":432,"column":4},"end":{"line":453,"column":5}},"type":"switch","locations":[{"start":{"line":433,"column":6},"end":{"line":436,"column":14}},{"start":{"line":437,"column":6},"end":{"line":440,"column":14}},{"start":{"line":441,"column":6},"end":{"line":450,"column":14}},{"start":{"line":451,"column":6},"end":{"line":452,"column":65}}]},"36":{"loc":{"start":{"line":443,"column":8},"end":{"line":449,"column":9}},"type":"if","locations":[{"start":{"line":443,"column":8},"end":{"line":449,"column":9}},{"start":{"line":446,"column":15},"end":{"line":449,"column":9}}]}},"s":{"0":0,"1":0,"2":0,"3":0,"4":0,"5":0,"6":0,"7":0,"8":0,"9":0,"10":0,"11":0,"12":0,"13":0,"14":0,"15":0,"16":0,"17":0,"18":0,"19":0,"20":0,"21":0,"22":0,"23":0,"24":0,"25":0,"26":0,"27":0,"28":0,"29":0,"30":0,"31":0,"32":0,"33":0,"34":0,"35":0,"36":0,"37":0,"38":0,"39":0,"40":0,"41":0,"42":0,"43":0,"44":0,"45":0,"46":0,"47":0,"48":0,"49":0,"50":0,"51":0,"52":0,"53":0,"54":0,"55":0,"56":0,"57":0,"58":0,"59":0,"60":0,"61":0,"62":0,"63":0,"64":0,"65":0,"66":0,"67":0,"68":0,"69":0,"70":0,"71":0,"72":0,"73":0,"74":0,"75":0,"76":0,"77":0,"78":0,"79":0,"80":0,"81":0,"82":0,"83":0,"84":0,"85":0,"86":0,"87":0,"88":0,"89":0,"90":0,"91":0,"92":0,"93":0,"94":0,"95":0,"96":0,"97":0,"98":0,"99":0,"100":0,"101":0,"102":0,"103":0,"104":0,"105":0,"106":0,"107":0,"108":0,"109":0,"110":0,"111":0,"112":0,"113":0,"114":0,"115":0,"116":0,"117":0,"118":0,"119":0,"120":0,"121":0,"122":0,"123":0,"124":0,"125":0,"126":0,"127":0,"128":0,"129":0,"130":0,"131":0,"132":0,"133":0,"134":0,"135":0,"136":0,"137":0,"138":0,"139":0,"140":0,"141":0,"142":0,"143":0,"144":0,"145":0,"146":0,"147":0,"148":0,"149":0,"150":0,"151":0,"152":0,"153":0,"154":0,"155":0,"156":0,"157":0,"158":0,"159":0,"160":0,"161":0,"162":0,"163":0,"164":0,"165":0,"166":0,"167":0,"168":0,"169":0,"170":0,"171":0,"172":0,"173":0,"174":0,"175":0,"176":0},"f":{"0":0,"1":0,"2":0,"3":0,"4":0,"5":0,"6":0,"7":0,"8":0,"9":0,"10":0},"b":{"0":[0],"1":[0,0],"2":[0],"3":[0,0],"4":[0],"5":[0],"6":[0],"7":[0],"8":[0],"9":[0],"10":[0],"11":[0],"12":[0,0],"13":[0],"14":[0],"15":[0,0],"16":[0],"17":[0,0],"18":[0],"19":[0],"20":[0],"21":[0],"22":[0],"23":[0],"24":[0,0],"25":[0],"26":[0],"27":[0],"28":[0],"29":[0],"30":[0],"31":[0],"32":[0],"33":[0],"34":[0,0,0],"35":[0,0,0,0],"36":[0,0]}}
,"C:\\Users\\drago\\DEVELOPMENT\\dprogres_site\\backend\\src\\routes\\auth.ts": {"path":"C:\\Users\\drago\\DEVELOPMENT\\dprogres_site\\backend\\src\\routes\\auth.ts","statementMap":{"0":{"start":{"line":1,"column":0},"end":{"line":1,"column":30}},"1":{"start":{"line":3,"column":0},"end":{"line":3,"column":42}},"2":{"start":{"line":4,"column":0},"end":{"line":4,"column":66}},"3":{"start":{"line":5,"column":0},"end":{"line":5,"column":45}},"4":{"start":{"line":6,"column":0},"end":{"line":6,"column":55}},"5":{"start":{"line":7,"column":0},"end":{"line":7,"column":81}},"6":{"start":{"line":10,"column":15},"end":{"line":10,"column":31}},"7":{"start":{"line":13,"column":0},"end":{"line":56,"column":3}},"8":{"start":{"line":14,"column":2},"end":{"line":55,"column":3}},"9":{"start":{"line":15,"column":32},"end":{"line":15,"column":40}},"10":{"start":{"line":18,"column":23},"end":{"line":18,"column":83}},"11":{"start":{"line":20,"column":4},"end":{"line":22,"column":5}},"12":{"start":{"line":21,"column":6},"end":{"line":21,"column":68}},"13":{"start":{"line":24,"column":23},"end":{"line":24,"column":41}},"14":{"start":{"line":27,"column":4},"end":{"line":29,"column":5}},"15":{"start":{"line":28,"column":6},"end":{"line":28,"column":68}},"16":{"start":{"line":31,"column":28},"end":{"line":31,"column":79}},"17":{"start":{"line":33,"column":4},"end":{"line":35,"column":5}},"18":{"start":{"line":34,"column":6},"end":{"line":34,"column":68}},"19":{"start":{"line":38,"column":18},"end":{"line":42,"column":6}},"20":{"start":{"line":45,"column":54},"end":{"line":45,"column":58}},"21":{"start":{"line":47,"column":4},"end":{"line":51,"column":7}},"22":{"start":{"line":53,"column":4},"end":{"line":53,"column":41}},"23":{"start":{"line":54,"column":4},"end":{"line":54,"column":61}},"24":{"start":{"line":59,"column":0},"end":{"line":94,"column":3}},"25":{"start":{"line":60,"column":2},"end":{"line":93,"column":3}},"26":{"start":{"line":62,"column":4},"end":{"line":64,"column":5}},"27":{"start":{"line":63,"column":6},"end":{"line":63,"column":80}},"28":{"start":{"line":66,"column":55},"end":{"line":66,"column":63}},"29":{"start":{"line":69,"column":25},"end":{"line":69,"column":86}},"30":{"start":{"line":71,"column":4},"end":{"line":73,"column":5}},"31":{"start":{"line":72,"column":6},"end":{"line":72,"column":68}},"32":{"start":{"line":76,"column":27},"end":{"line":76,"column":55}},"33":{"start":{"line":79,"column":19},"end":{"line":81,"column":null}},"34":{"start":{"line":84,"column":20},"end":{"line":84,"column":34}},"35":{"start":{"line":86,"column":4},"end":{"line":89,"column":7}},"36":{"start":{"line":91,"column":4},"end":{"line":91,"column":48}},"37":{"start":{"line":92,"column":4},"end":{"line":92,"column":61}},"38":{"start":{"line":97,"column":0},"end":{"line":115,"column":3}},"39":{"start":{"line":98,"column":2},"end":{"line":114,"column":3}},"40":{"start":{"line":99,"column":19},"end":{"line":99,"column":35}},"41":{"start":{"line":101,"column":19},"end":{"line":103,"column":null}},"42":{"start":{"line":106,"column":4},"end":{"line":108,"column":5}},"43":{"start":{"line":107,"column":6},"end":{"line":107,"column":63}},"44":{"start":{"line":110,"column":4},"end":{"line":110,"column":39}},"45":{"start":{"line":112,"column":4},"end":{"line":112,"column":47}},"46":{"start":{"line":113,"column":4},"end":{"line":113,"column":61}},"47":{"start":{"line":118,"column":0},"end":{"line":148,"column":3}},"48":{"start":{"line":119,"column":2},"end":{"line":147,"column":3}},"49":{"start":{"line":120,"column":19},"end":{"line":120,"column":35}},"50":{"start":{"line":121,"column":45},"end":{"line":121,"column":53}},"51":{"start":{"line":124,"column":4},"end":{"line":129,"column":5}},"52":{"start":{"line":125,"column":27},"end":{"line":125,"column":109}},"53":{"start":{"line":126,"column":6},"end":{"line":128,"column":7}},"54":{"start":{"line":127,"column":8},"end":{"line":127,"column":71}},"55":{"start":{"line":131,"column":19},"end":{"line":133,"column":null}},"56":{"start":{"line":136,"column":4},"end":{"line":138,"column":5}},"57":{"start":{"line":137,"column":6},"end":{"line":137,"column":63}},"58":{"start":{"line":140,"column":4},"end":{"line":143,"column":7}},"59":{"start":{"line":145,"column":4},"end":{"line":145,"column":50}},"60":{"start":{"line":146,"column":4},"end":{"line":146,"column":61}},"61":{"start":{"line":151,"column":0},"end":{"line":194,"column":3}},"62":{"start":{"line":152,"column":2},"end":{"line":193,"column":3}},"63":{"start":{"line":153,"column":19},"end":{"line":153,"column":35}},"64":{"start":{"line":154,"column":47},"end":{"line":154,"column":55}},"65":{"start":{"line":156,"column":4},"end":{"line":158,"column":5}},"66":{"start":{"line":157,"column":6},"end":{"line":157,"column":95}},"67":{"start":{"line":160,"column":4},"end":{"line":162,"column":5}},"68":{"start":{"line":161,"column":6},"end":{"line":161,"column":96}},"69":{"start":{"line":165,"column":23},"end":{"line":165,"column":93}},"70":{"start":{"line":167,"column":4},"end":{"line":169,"column":5}},"71":{"start":{"line":168,"column":6},"end":{"line":168,"column":63}},"72":{"start":{"line":171,"column":17},"end":{"line":171,"column":35}},"73":{"start":{"line":174,"column":28},"end":{"line":174,"column":87}},"74":{"start":{"line":176,"column":4},"end":{"line":178,"column":5}},"75":{"start":{"line":177,"column":6},"end":{"line":177,"column":78}},"76":{"start":{"line":181,"column":27},"end":{"line":181,"column":59}},"77":{"start":{"line":184,"column":4},"end":{"line":187,"column":6}},"78":{"start":{"line":189,"column":4},"end":{"line":189,"column":59}},"79":{"start":{"line":191,"column":4},"end":{"line":191,"column":51}},"80":{"start":{"line":192,"column":4},"end":{"line":192,"column":61}},"81":{"start":{"line":197,"column":0},"end":{"line":200,"column":3}},"82":{"start":{"line":199,"column":2},"end":{"line":199,"column":51}},"83":{"start":{"line":202,"column":0},"end":{"line":202,"column":22}}},"fnMap":{"0":{"name":"(anonymous_1)","decl":{"start":{"line":13,"column":45},"end":{"line":13,"column":50}},"loc":{"start":{"line":13,"column":83},"end":{"line":56,"column":1}}},"1":{"name":"(anonymous_2)","decl":{"start":{"line":59,"column":70},"end":{"line":59,"column":75}},"loc":{"start":{"line":59,"column":108},"end":{"line":94,"column":1}}},"2":{"name":"(anonymous_3)","decl":{"start":{"line":97,"column":37},"end":{"line":97,"column":42}},"loc":{"start":{"line":97,"column":75},"end":{"line":115,"column":1}}},"3":{"name":"(anonymous_4)","decl":{"start":{"line":118,"column":42},"end":{"line":118,"column":47}},"loc":{"start":{"line":118,"column":80},"end":{"line":148,"column":1}}},"4":{"name":"(anonymous_5)","decl":{"start":{"line":151,"column":43},"end":{"line":151,"column":48}},"loc":{"start":{"line":151,"column":81},"end":{"line":194,"column":1}}},"5":{"name":"(anonymous_6)","decl":{"start":{"line":197,"column":42},"end":{"line":197,"column":43}},"loc":{"start":{"line":197,"column":74},"end":{"line":200,"column":1}}}},"branchMap":{"0":{"loc":{"start":{"line":20,"column":4},"end":{"line":22,"column":5}},"type":"if","locations":[{"start":{"line":20,"column":4},"end":{"line":22,"column":5}}]},"1":{"loc":{"start":{"line":27,"column":4},"end":{"line":29,"column":5}},"type":"if","locations":[{"start":{"line":27,"column":4},"end":{"line":29,"column":5}}]},"2":{"loc":{"start":{"line":33,"column":4},"end":{"line":35,"column":5}},"type":"if","locations":[{"start":{"line":33,"column":4},"end":{"line":35,"column":5}}]},"3":{"loc":{"start":{"line":62,"column":4},"end":{"line":64,"column":5}},"type":"if","locations":[{"start":{"line":62,"column":4},"end":{"line":64,"column":5}}]},"4":{"loc":{"start":{"line":71,"column":4},"end":{"line":73,"column":5}},"type":"if","locations":[{"start":{"line":71,"column":4},"end":{"line":73,"column":5}}]},"5":{"loc":{"start":{"line":106,"column":4},"end":{"line":108,"column":5}},"type":"if","locations":[{"start":{"line":106,"column":4},"end":{"line":108,"column":5}}]},"6":{"loc":{"start":{"line":124,"column":4},"end":{"line":129,"column":5}},"type":"if","locations":[{"start":{"line":124,"column":4},"end":{"line":129,"column":5}}]},"7":{"loc":{"start":{"line":126,"column":6},"end":{"line":128,"column":7}},"type":"if","locations":[{"start":{"line":126,"column":6},"end":{"line":128,"column":7}}]},"8":{"loc":{"start":{"line":136,"column":4},"end":{"line":138,"column":5}},"type":"if","locations":[{"start":{"line":136,"column":4},"end":{"line":138,"column":5}}]},"9":{"loc":{"start":{"line":156,"column":4},"end":{"line":158,"column":5}},"type":"if","locations":[{"start":{"line":156,"column":4},"end":{"line":158,"column":5}}]},"10":{"loc":{"start":{"line":156,"column":8},"end":{"line":156,"column":42}},"type":"binary-expr","locations":[{"start":{"line":156,"column":8},"end":{"line":156,"column":25}},{"start":{"line":156,"column":29},"end":{"line":156,"column":42}}]},"11":{"loc":{"start":{"line":160,"column":4},"end":{"line":162,"column":5}},"type":"if","locations":[{"start":{"line":160,"column":4},"end":{"line":162,"column":5}}]},"12":{"loc":{"start":{"line":167,"column":4},"end":{"line":169,"column":5}},"type":"if","locations":[{"start":{"line":167,"column":4},"end":{"line":169,"column":5}}]},"13":{"loc":{"start":{"line":176,"column":4},"end":{"line":178,"column":5}},"type":"if","locations":[{"start":{"line":176,"column":4},"end":{"line":178,"column":5}}]}},"s":{"0":1,"1":1,"2":1,"3":1,"4":1,"5":1,"6":1,"7":1,"8":3,"9":3,"10":3,"11":3,"12":1,"13":2,"14":2,"15":0,"16":2,"17":2,"18":1,"19":1,"20":1,"21":1,"22":0,"23":0,"24":1,"25":0,"26":0,"27":0,"28":0,"29":0,"30":0,"31":0,"32":0,"33":0,"34":0,"35":0,"36":0,"37":0,"38":1,"39":0,"40":0,"41":0,"42":0,"43":0,"44":0,"45":0,"46":0,"47":1,"48":0,"49":0,"50":0,"51":0,"52":0,"53":0,"54":0,"55":0,"56":0,"57":0,"58":0,"59":0,"60":0,"61":1,"62":0,"63":0,"64":0,"65":0,"66":0,"67":0,"68":0,"69":0,"70":0,"71":0,"72":0,"73":0,"74":0,"75":0,"76":0,"77":0,"78":0,"79":0,"80":0,"81":1,"82":0,"83":1},"f":{"0":3,"1":0,"2":0,"3":0,"4":0,"5":0},"b":{"0":[1],"1":[0],"2":[1],"3":[0],"4":[0],"5":[0],"6":[0],"7":[0],"8":[0],"9":[0],"10":[0,0],"11":[0],"12":[0],"13":[0]}}
,"C:\\Users\\drago\\DEVELOPMENT\\dprogres_site\\backend\\src\\routes\\categories.ts": {"path":"C:\\Users\\drago\\DEVELOPMENT\\dprogres_site\\backend\\src\\routes\\categories.ts","statementMap":{"0":{"start":{"line":1,"column":0},"end":{"line":1,"column":30}},"1":{"start":{"line":3,"column":0},"end":{"line":3,"column":42}},"2":{"start":{"line":4,"column":0},"end":{"line":4,"column":70}},"3":{"start":{"line":5,"column":0},"end":{"line":5,"column":96}},"4":{"start":{"line":6,"column":0},"end":{"line":6,"column":65}},"5":{"start":{"line":9,"column":15},"end":{"line":9,"column":31}},"6":{"start":{"line":12,"column":0},"end":{"line":43,"column":3}},"7":{"start":{"line":13,"column":2},"end":{"line":42,"column":3}},"8":{"start":{"line":15,"column":20},"end":{"line":15,"column":38}},"9":{"start":{"line":16,"column":26},"end":{"line":16,"column":28}},"10":{"start":{"line":18,"column":23},"end":{"line":18,"column":25}},"11":{"start":{"line":19,"column":24},"end":{"line":19,"column":73}},"12":{"start":{"line":20,"column":4},"end":{"line":24,"column":5}},"13":{"start":{"line":21,"column":6},"end":{"line":21,"column":72}},"14":{"start":{"line":22,"column":6},"end":{"line":22,"column":81}},"15":{"start":{"line":23,"column":6},"end":{"line":23,"column":29}},"16":{"start":{"line":26,"column":28},"end":{"line":35,"column":6}},"17":{"start":{"line":37,"column":19},"end":{"line":37,"column":55}},"18":{"start":{"line":38,"column":4},"end":{"line":38,"column":36}},"19":{"start":{"line":40,"column":4},"end":{"line":40,"column":50}},"20":{"start":{"line":41,"column":4},"end":{"line":41,"column":61}},"21":{"start":{"line":46,"column":0},"end":{"line":121,"column":3}},"22":{"start":{"line":47,"column":2},"end":{"line":120,"column":3}},"23":{"start":{"line":48,"column":21},"end":{"line":48,"column":31}},"24":{"start":{"line":49,"column":37},"end":{"line":49,"column":46}},"25":{"start":{"line":51,"column":19},"end":{"line":51,"column":53}},"26":{"start":{"line":54,"column":26},"end":{"line":60,"column":6}},"27":{"start":{"line":62,"column":27},"end":{"line":62,"column":61}},"28":{"start":{"line":64,"column":4},"end":{"line":66,"column":5}},"29":{"start":{"line":65,"column":6},"end":{"line":65,"column":67}},"30":{"start":{"line":68,"column":21},"end":{"line":68,"column":43}},"31":{"start":{"line":71,"column":23},"end":{"line":92,"column":6}},"32":{"start":{"line":94,"column":24},"end":{"line":94,"column":77}},"33":{"start":{"line":97,"column":24},"end":{"line":99,"column":null}},"34":{"start":{"line":102,"column":23},"end":{"line":102,"column":58}},"35":{"start":{"line":103,"column":23},"end":{"line":103,"column":60}},"36":{"start":{"line":105,"column":4},"end":{"line":116,"column":7}},"37":{"start":{"line":118,"column":4},"end":{"line":118,"column":48}},"38":{"start":{"line":119,"column":4},"end":{"line":119,"column":61}},"39":{"start":{"line":124,"column":0},"end":{"line":164,"column":3}},"40":{"start":{"line":125,"column":2},"end":{"line":163,"column":3}},"41":{"start":{"line":126,"column":45},"end":{"line":126,"column":53}},"42":{"start":{"line":129,"column":4},"end":{"line":138,"column":5}},"43":{"start":{"line":130,"column":28},"end":{"line":130,"column":130}},"44":{"start":{"line":131,"column":6},"end":{"line":131,"column":105}},"45":{"start":{"line":131,"column":94},"end":{"line":131,"column":102}},"46":{"start":{"line":134,"column":27},"end":{"line":134,"column":104}},"47":{"start":{"line":135,"column":6},"end":{"line":137,"column":7}},"48":{"start":{"line":136,"column":8},"end":{"line":136,"column":70}},"49":{"start":{"line":140,"column":24},"end":{"line":144,"column":6}},"50":{"start":{"line":146,"column":19},"end":{"line":151,"column":6}},"51":{"start":{"line":153,"column":19},"end":{"line":153,"column":51}},"52":{"start":{"line":154,"column":24},"end":{"line":154,"column":38}},"53":{"start":{"line":156,"column":4},"end":{"line":159,"column":7}},"54":{"start":{"line":161,"column":4},"end":{"line":161,"column":51}},"55":{"start":{"line":162,"column":4},"end":{"line":162,"column":61}},"56":{"start":{"line":167,"column":0},"end":{"line":217,"column":3}},"57":{"start":{"line":168,"column":2},"end":{"line":216,"column":3}},"58":{"start":{"line":169,"column":19},"end":{"line":169,"column":29}},"59":{"start":{"line":170,"column":45},"end":{"line":170,"column":53}},"60":{"start":{"line":173,"column":29},"end":{"line":173,"column":88}},"61":{"start":{"line":174,"column":4},"end":{"line":176,"column":5}},"62":{"start":{"line":175,"column":6},"end":{"line":175,"column":67}},"63":{"start":{"line":178,"column":21},"end":{"line":178,"column":45}},"64":{"start":{"line":181,"column":4},"end":{"line":186,"column":5}},"65":{"start":{"line":182,"column":27},"end":{"line":182,"column":121}},"66":{"start":{"line":183,"column":6},"end":{"line":185,"column":7}},"67":{"start":{"line":184,"column":8},"end":{"line":184,"column":70}},"68":{"start":{"line":188,"column":24},"end":{"line":196,"column":6}},"69":{"start":{"line":198,"column":19},"end":{"line":204,"column":6}},"70":{"start":{"line":206,"column":19},"end":{"line":206,"column":51}},"71":{"start":{"line":207,"column":28},"end":{"line":207,"column":42}},"72":{"start":{"line":209,"column":4},"end":{"line":212,"column":7}},"73":{"start":{"line":214,"column":4},"end":{"line":214,"column":51}},"74":{"start":{"line":215,"column":4},"end":{"line":215,"column":61}},"75":{"start":{"line":220,"column":0},"end":{"line":248,"column":3}},"76":{"start":{"line":221,"column":2},"end":{"line":247,"column":3}},"77":{"start":{"line":222,"column":19},"end":{"line":222,"column":29}},"78":{"start":{"line":225,"column":29},"end":{"line":225,"column":88}},"79":{"start":{"line":226,"column":4},"end":{"line":228,"column":5}},"80":{"start":{"line":227,"column":6},"end":{"line":227,"column":67}},"81":{"start":{"line":231,"column":23},"end":{"line":231,"column":93}},"82":{"start":{"line":232,"column":22},"end":{"line":232,"column":56}},"83":{"start":{"line":234,"column":4},"end":{"line":239,"column":5}},"84":{"start":{"line":235,"column":6},"end":{"line":238,"column":9}},"85":{"start":{"line":241,"column":4},"end":{"line":241,"column":62}},"86":{"start":{"line":243,"column":4},"end":{"line":243,"column":59}},"87":{"start":{"line":245,"column":4},"end":{"line":245,"column":51}},"88":{"start":{"line":246,"column":4},"end":{"line":246,"column":61}},"89":{"start":{"line":250,"column":0},"end":{"line":250,"column":22}}},"fnMap":{"0":{"name":"(anonymous_1)","decl":{"start":{"line":12,"column":16},"end":{"line":12,"column":21}},"loc":{"start":{"line":12,"column":54},"end":{"line":43,"column":1}}},"1":{"name":"(anonymous_2)","decl":{"start":{"line":46,"column":21},"end":{"line":46,"column":26}},"loc":{"start":{"line":46,"column":59},"end":{"line":121,"column":1}}},"2":{"name":"(anonymous_3)","decl":{"start":{"line":124,"column":83},"end":{"line":124,"column":88}},"loc":{"start":{"line":124,"column":121},"end":{"line":164,"column":1}}},"3":{"name":"(anonymous_4)","decl":{"start":{"line":131,"column":87},"end":{"line":131,"column":90}},"loc":{"start":{"line":131,"column":94},"end":{"line":131,"column":102}}},"4":{"name":"(anonymous_5)","decl":{"start":{"line":167,"column":85},"end":{"line":167,"column":90}},"loc":{"start":{"line":167,"column":123},"end":{"line":217,"column":1}}},"5":{"name":"(anonymous_6)","decl":{"start":{"line":220,"column":56},"end":{"line":220,"column":61}},"loc":{"start":{"line":220,"column":94},"end":{"line":248,"column":1}}}},"branchMap":{"0":{"loc":{"start":{"line":20,"column":4},"end":{"line":24,"column":5}},"type":"if","locations":[{"start":{"line":20,"column":4},"end":{"line":24,"column":5}}]},"1":{"loc":{"start":{"line":20,"column":8},"end":{"line":20,"column":27}},"type":"binary-expr","locations":[{"start":{"line":20,"column":8},"end":{"line":20,"column":14}},{"start":{"line":20,"column":18},"end":{"line":20,"column":27}}]},"2":{"loc":{"start":{"line":49,"column":12},"end":{"line":49,"column":20}},"type":"default-arg","locations":[{"start":{"line":49,"column":19},"end":{"line":49,"column":20}}]},"3":{"loc":{"start":{"line":49,"column":22},"end":{"line":49,"column":32}},"type":"default-arg","locations":[{"start":{"line":49,"column":30},"end":{"line":49,"column":32}}]},"4":{"loc":{"start":{"line":64,"column":4},"end":{"line":66,"column":5}},"type":"if","locations":[{"start":{"line":64,"column":4},"end":{"line":66,"column":5}}]},"5":{"loc":{"start":{"line":129,"column":4},"end":{"line":138,"column":5}},"type":"if","locations":[{"start":{"line":129,"column":4},"end":{"line":138,"column":5}},{"start":{"line":132,"column":11},"end":{"line":138,"column":5}}]},"6":{"loc":{"start":{"line":135,"column":6},"end":{"line":137,"column":7}},"type":"if","locations":[{"start":{"line":135,"column":6},"end":{"line":137,"column":7}}]},"7":{"loc":{"start":{"line":174,"column":4},"end":{"line":176,"column":5}},"type":"if","locations":[{"start":{"line":174,"column":4},"end":{"line":176,"column":5}}]},"8":{"loc":{"start":{"line":181,"column":4},"end":{"line":186,"column":5}},"type":"if","locations":[{"start":{"line":181,"column":4},"end":{"line":186,"column":5}}]},"9":{"loc":{"start":{"line":181,"column":8},"end":{"line":181,"column":64}},"type":"binary-expr","locations":[{"start":{"line":181,"column":8},"end":{"line":181,"column":25}},{"start":{"line":181,"column":29},"end":{"line":181,"column":64}}]},"10":{"loc":{"start":{"line":183,"column":6},"end":{"line":185,"column":7}},"type":"if","locations":[{"start":{"line":183,"column":6},"end":{"line":185,"column":7}}]},"11":{"loc":{"start":{"line":226,"column":4},"end":{"line":228,"column":5}},"type":"if","locations":[{"start":{"line":226,"column":4},"end":{"line":228,"column":5}}]},"12":{"loc":{"start":{"line":234,"column":4},"end":{"line":239,"column":5}},"type":"if","locations":[{"start":{"line":234,"column":4},"end":{"line":239,"column":5}}]}},"s":{"0":0,"1":0,"2":0,"3":0,"4":0,"5":0,"6":0,"7":0,"8":0,"9":0,"10":0,"11":0,"12":0,"13":0,"14":0,"15":0,"16":0,"17":0,"18":0,"19":0,"20":0,"21":0,"22":0,"23":0,"24":0,"25":0,"26":0,"27":0,"28":0,"29":0,"30":0,"31":0,"32":0,"33":0,"34":0,"35":0,"36":0,"37":0,"38":0,"39":0,"40":0,"41":0,"42":0,"43":0,"44":0,"45":0,"46":0,"47":0,"48":0,"49":0,"50":0,"51":0,"52":0,"53":0,"54":0,"55":0,"56":0,"57":0,"58":0,"59":0,"60":0,"61":0,"62":0,"63":0,"64":0,"65":0,"66":0,"67":0,"68":0,"69":0,"70":0,"71":0,"72":0,"73":0,"74":0,"75":0,"76":0,"77":0,"78":0,"79":0,"80":0,"81":0,"82":0,"83":0,"84":0,"85":0,"86":0,"87":0,"88":0,"89":0},"f":{"0":0,"1":0,"2":0,"3":0,"4":0,"5":0},"b":{"0":[0],"1":[0,0],"2":[0],"3":[0],"4":[0],"5":[0,0],"6":[0],"7":[0],"8":[0],"9":[0,0],"10":[0],"11":[0],"12":[0]}}
,"C:\\Users\\drago\\DEVELOPMENT\\dprogres_site\\backend\\src\\routes\\domains.ts": {"path":"C:\\Users\\drago\\DEVELOPMENT\\dprogres_site\\backend\\src\\routes\\domains.ts","statementMap":{"0":{"start":{"line":1,"column":0},"end":{"line":1,"column":52}},"1":{"start":{"line":2,"column":0},"end":{"line":2,"column":22}},"2":{"start":{"line":3,"column":0},"end":{"line":3,"column":69}},"3":{"start":{"line":4,"column":0},"end":{"line":4,"column":59}},"4":{"start":{"line":5,"column":0},"end":{"line":5,"column":58}},"5":{"start":{"line":7,"column":15},"end":{"line":7,"column":23}},"6":{"start":{"line":10,"column":27},"end":{"line":24,"column":2}},"7":{"start":{"line":26,"column":27},"end":{"line":36,"column":2}},"8":{"start":{"line":38,"column":27},"end":{"line":40,"column":2}},"9":{"start":{"line":43,"column":0},"end":{"line":51,"column":3}},"10":{"start":{"line":44,"column":2},"end":{"line":50,"column":3}},"11":{"start":{"line":45,"column":20},"end":{"line":45,"column":55}},"12":{"start":{"line":46,"column":4},"end":{"line":46,"column":22}},"13":{"start":{"line":48,"column":4},"end":{"line":48,"column":53}},"14":{"start":{"line":49,"column":4},"end":{"line":49,"column":63}},"15":{"start":{"line":54,"column":0},"end":{"line":71,"column":3}},"16":{"start":{"line":55,"column":2},"end":{"line":70,"column":3}},"17":{"start":{"line":56,"column":15},"end":{"line":56,"column":38}},"18":{"start":{"line":57,"column":4},"end":{"line":59,"column":5}},"19":{"start":{"line":58,"column":6},"end":{"line":58,"column":66}},"20":{"start":{"line":61,"column":19},"end":{"line":61,"column":56}},"21":{"start":{"line":62,"column":4},"end":{"line":64,"column":5}},"22":{"start":{"line":63,"column":6},"end":{"line":63,"column":65}},"23":{"start":{"line":66,"column":4},"end":{"line":66,"column":21}},"24":{"start":{"line":68,"column":4},"end":{"line":68,"column":52}},"25":{"start":{"line":69,"column":4},"end":{"line":69,"column":62}},"26":{"start":{"line":74,"column":0},"end":{"line":92,"column":2}},"27":{"start":{"line":80,"column":4},"end":{"line":90,"column":5}},"28":{"start":{"line":81,"column":21},"end":{"line":81,"column":63}},"29":{"start":{"line":82,"column":6},"end":{"line":82,"column":35}},"30":{"start":{"line":84,"column":6},"end":{"line":87,"column":7}},"31":{"start":{"line":86,"column":8},"end":{"line":86,"column":72}},"32":{"start":{"line":88,"column":6},"end":{"line":88,"column":55}},"33":{"start":{"line":89,"column":6},"end":{"line":89,"column":65}},"34":{"start":{"line":95,"column":0},"end":{"line":121,"column":2}},"35":{"start":{"line":101,"column":4},"end":{"line":119,"column":5}},"36":{"start":{"line":102,"column":17},"end":{"line":102,"column":40}},"37":{"start":{"line":103,"column":6},"end":{"line":105,"column":7}},"38":{"start":{"line":104,"column":8},"end":{"line":104,"column":68}},"39":{"start":{"line":107,"column":21},"end":{"line":107,"column":67}},"40":{"start":{"line":108,"column":6},"end":{"line":110,"column":7}},"41":{"start":{"line":109,"column":8},"end":{"line":109,"column":67}},"42":{"start":{"line":112,"column":6},"end":{"line":112,"column":23}},"43":{"start":{"line":114,"column":6},"end":{"line":116,"column":7}},"44":{"start":{"line":115,"column":8},"end":{"line":115,"column":72}},"45":{"start":{"line":117,"column":6},"end":{"line":117,"column":55}},"46":{"start":{"line":118,"column":6},"end":{"line":118,"column":65}},"47":{"start":{"line":124,"column":0},"end":{"line":147,"column":3}},"48":{"start":{"line":125,"column":2},"end":{"line":146,"column":3}},"49":{"start":{"line":126,"column":15},"end":{"line":126,"column":38}},"50":{"start":{"line":127,"column":4},"end":{"line":129,"column":5}},"51":{"start":{"line":128,"column":6},"end":{"line":128,"column":66}},"52":{"start":{"line":132,"column":19},"end":{"line":132,"column":56}},"53":{"start":{"line":133,"column":4},"end":{"line":135,"column":5}},"54":{"start":{"line":134,"column":6},"end":{"line":134,"column":77}},"55":{"start":{"line":137,"column":20},"end":{"line":137,"column":56}},"56":{"start":{"line":138,"column":4},"end":{"line":140,"column":5}},"57":{"start":{"line":139,"column":6},"end":{"line":139,"column":65}},"58":{"start":{"line":142,"column":4},"end":{"line":142,"column":27}},"59":{"start":{"line":144,"column":4},"end":{"line":144,"column":53}},"60":{"start":{"line":145,"column":4},"end":{"line":145,"column":63}},"61":{"start":{"line":150,"column":0},"end":{"line":173,"column":2}},"62":{"start":{"line":156,"column":4},"end":{"line":171,"column":5}},"63":{"start":{"line":157,"column":17},"end":{"line":157,"column":40}},"64":{"start":{"line":158,"column":6},"end":{"line":160,"column":7}},"65":{"start":{"line":159,"column":8},"end":{"line":159,"column":68}},"66":{"start":{"line":162,"column":23},"end":{"line":162,"column":75}},"67":{"start":{"line":163,"column":6},"end":{"line":165,"column":7}},"68":{"start":{"line":164,"column":8},"end":{"line":164,"column":70}},"69":{"start":{"line":167,"column":6},"end":{"line":167,"column":60}},"70":{"start":{"line":169,"column":6},"end":{"line":169,"column":55}},"71":{"start":{"line":170,"column":6},"end":{"line":170,"column":65}},"72":{"start":{"line":176,"column":0},"end":{"line":205,"column":3}},"73":{"start":{"line":177,"column":2},"end":{"line":204,"column":3}},"74":{"start":{"line":178,"column":15},"end":{"line":178,"column":38}},"75":{"start":{"line":179,"column":4},"end":{"line":181,"column":5}},"76":{"start":{"line":180,"column":6},"end":{"line":180,"column":66}},"77":{"start":{"line":183,"column":19},"end":{"line":183,"column":56}},"78":{"start":{"line":184,"column":4},"end":{"line":186,"column":5}},"79":{"start":{"line":185,"column":6},"end":{"line":185,"column":65}},"80":{"start":{"line":188,"column":22},"end":{"line":188,"column":73}},"81":{"start":{"line":190,"column":4},"end":{"line":200,"column":7}},"82":{"start":{"line":202,"column":4},"end":{"line":202,"column":69}},"83":{"start":{"line":203,"column":4},"end":{"line":203,"column":79}},"84":{"start":{"line":208,"column":0},"end":{"line":216,"column":3}},"85":{"start":{"line":209,"column":2},"end":{"line":215,"column":3}},"86":{"start":{"line":210,"column":18},"end":{"line":210,"column":47}},"87":{"start":{"line":211,"column":4},"end":{"line":211,"column":20}},"88":{"start":{"line":213,"column":4},"end":{"line":213,"column":55}},"89":{"start":{"line":214,"column":4},"end":{"line":214,"column":65}},"90":{"start":{"line":219,"column":0},"end":{"line":227,"column":3}},"91":{"start":{"line":220,"column":2},"end":{"line":226,"column":3}},"92":{"start":{"line":221,"column":4},"end":{"line":221,"column":31}},"93":{"start":{"line":222,"column":4},"end":{"line":222,"column":56}},"94":{"start":{"line":224,"column":4},"end":{"line":224,"column":51}},"95":{"start":{"line":225,"column":4},"end":{"line":225,"column":61}},"96":{"start":{"line":229,"column":0},"end":{"line":229,"column":22}}},"fnMap":{"0":{"name":"(anonymous_1)","decl":{"start":{"line":43,"column":49},"end":{"line":43,"column":54}},"loc":{"start":{"line":43,"column":87},"end":{"line":51,"column":1}}},"1":{"name":"(anonymous_2)","decl":{"start":{"line":54,"column":52},"end":{"line":54,"column":57}},"loc":{"start":{"line":54,"column":90},"end":{"line":71,"column":1}}},"2":{"name":"(anonymous_3)","decl":{"start":{"line":79,"column":2},"end":{"line":79,"column":7}},"loc":{"start":{"line":79,"column":40},"end":{"line":91,"column":3}}},"3":{"name":"(anonymous_4)","decl":{"start":{"line":100,"column":2},"end":{"line":100,"column":7}},"loc":{"start":{"line":100,"column":40},"end":{"line":120,"column":3}}},"4":{"name":"(anonymous_5)","decl":{"start":{"line":124,"column":55},"end":{"line":124,"column":60}},"loc":{"start":{"line":124,"column":93},"end":{"line":147,"column":1}}},"5":{"name":"(anonymous_6)","decl":{"start":{"line":155,"column":2},"end":{"line":155,"column":7}},"loc":{"start":{"line":155,"column":40},"end":{"line":172,"column":3}}},"6":{"name":"(anonymous_7)","decl":{"start":{"line":176,"column":78},"end":{"line":176,"column":83}},"loc":{"start":{"line":176,"column":116},"end":{"line":205,"column":1}}},"7":{"name":"(anonymous_8)","decl":{"start":{"line":208,"column":60},"end":{"line":208,"column":65}},"loc":{"start":{"line":208,"column":98},"end":{"line":216,"column":1}}},"8":{"name":"(anonymous_9)","decl":{"start":{"line":219,"column":61},"end":{"line":219,"column":66}},"loc":{"start":{"line":219,"column":99},"end":{"line":227,"column":1}}}},"branchMap":{"0":{"loc":{"start":{"line":57,"column":4},"end":{"line":59,"column":5}},"type":"if","locations":[{"start":{"line":57,"column":4},"end":{"line":59,"column":5}}]},"1":{"loc":{"start":{"line":62,"column":4},"end":{"line":64,"column":5}},"type":"if","locations":[{"start":{"line":62,"column":4},"end":{"line":64,"column":5}}]},"2":{"loc":{"start":{"line":84,"column":6},"end":{"line":87,"column":7}},"type":"if","locations":[{"start":{"line":84,"column":6},"end":{"line":87,"column":7}}]},"3":{"loc":{"start":{"line":103,"column":6},"end":{"line":105,"column":7}},"type":"if","locations":[{"start":{"line":103,"column":6},"end":{"line":105,"column":7}}]},"4":{"loc":{"start":{"line":108,"column":6},"end":{"line":110,"column":7}},"type":"if","locations":[{"start":{"line":108,"column":6},"end":{"line":110,"column":7}}]},"5":{"loc":{"start":{"line":114,"column":6},"end":{"line":116,"column":7}},"type":"if","locations":[{"start":{"line":114,"column":6},"end":{"line":116,"column":7}}]},"6":{"loc":{"start":{"line":127,"column":4},"end":{"line":129,"column":5}},"type":"if","locations":[{"start":{"line":127,"column":4},"end":{"line":129,"column":5}}]},"7":{"loc":{"start":{"line":133,"column":4},"end":{"line":135,"column":5}},"type":"if","locations":[{"start":{"line":133,"column":4},"end":{"line":135,"column":5}}]},"8":{"loc":{"start":{"line":138,"column":4},"end":{"line":140,"column":5}},"type":"if","locations":[{"start":{"line":138,"column":4},"end":{"line":140,"column":5}}]},"9":{"loc":{"start":{"line":158,"column":6},"end":{"line":160,"column":7}},"type":"if","locations":[{"start":{"line":158,"column":6},"end":{"line":160,"column":7}}]},"10":{"loc":{"start":{"line":163,"column":6},"end":{"line":165,"column":7}},"type":"if","locations":[{"start":{"line":163,"column":6},"end":{"line":165,"column":7}}]},"11":{"loc":{"start":{"line":179,"column":4},"end":{"line":181,"column":5}},"type":"if","locations":[{"start":{"line":179,"column":4},"end":{"line":181,"column":5}}]},"12":{"loc":{"start":{"line":184,"column":4},"end":{"line":186,"column":5}},"type":"if","locations":[{"start":{"line":184,"column":4},"end":{"line":186,"column":5}}]}},"s":{"0":0,"1":0,"2":0,"3":0,"4":0,"5":0,"6":0,"7":0,"8":0,"9":0,"10":0,"11":0,"12":0,"13":0,"14":0,"15":0,"16":0,"17":0,"18":0,"19":0,"20":0,"21":0,"22":0,"23":0,"24":0,"25":0,"26":0,"27":0,"28":0,"29":0,"30":0,"31":0,"32":0,"33":0,"34":0,"35":0,"36":0,"37":0,"38":0,"39":0,"40":0,"41":0,"42":0,"43":0,"44":0,"45":0,"46":0,"47":0,"48":0,"49":0,"50":0,"51":0,"52":0,"53":0,"54":0,"55":0,"56":0,"57":0,"58":0,"59":0,"60":0,"61":0,"62":0,"63":0,"64":0,"65":0,"66":0,"67":0,"68":0,"69":0,"70":0,"71":0,"72":0,"73":0,"74":0,"75":0,"76":0,"77":0,"78":0,"79":0,"80":0,"81":0,"82":0,"83":0,"84":0,"85":0,"86":0,"87":0,"88":0,"89":0,"90":0,"91":0,"92":0,"93":0,"94":0,"95":0,"96":0},"f":{"0":0,"1":0,"2":0,"3":0,"4":0,"5":0,"6":0,"7":0,"8":0},"b":{"0":[0],"1":[0],"2":[0],"3":[0],"4":[0],"5":[0],"6":[0],"7":[0],"8":[0],"9":[0],"10":[0],"11":[0],"12":[0]}}
,"C:\\Users\\drago\\DEVELOPMENT\\dprogres_site\\backend\\src\\routes\\media.ts": {"path":"C:\\Users\\drago\\DEVELOPMENT\\dprogres_site\\backend\\src\\routes\\media.ts","statementMap":{"0":{"start":{"line":1,"column":0},"end":{"line":1,"column":30}},"1":{"start":{"line":3,"column":0},"end":{"line":3,"column":28}},"2":{"start":{"line":4,"column":0},"end":{"line":4,"column":26}},"3":{"start":{"line":5,"column":0},"end":{"line":5,"column":24}},"4":{"start":{"line":6,"column":0},"end":{"line":6,"column":20}},"5":{"start":{"line":7,"column":0},"end":{"line":7,"column":42}},"6":{"start":{"line":8,"column":0},"end":{"line":8,"column":70}},"7":{"start":{"line":10,"column":15},"end":{"line":10,"column":31}},"8":{"start":{"line":13,"column":16},"end":{"line":28,"column":2}},"9":{"start":{"line":15,"column":22},"end":{"line":15,"column":59}},"10":{"start":{"line":16,"column":4},"end":{"line":18,"column":5}},"11":{"start":{"line":17,"column":6},"end":{"line":17,"column":51}},"12":{"start":{"line":19,"column":4},"end":{"line":19,"column":24}},"13":{"start":{"line":23,"column":25},"end":{"line":23,"column":75}},"14":{"start":{"line":24,"column":22},"end":{"line":24,"column":53}},"15":{"start":{"line":25,"column":21},"end":{"line":25,"column":50}},"16":{"start":{"line":26,"column":4},"end":{"line":26,"column":23}},"17":{"start":{"line":30,"column":19},"end":{"line":51,"column":1}},"18":{"start":{"line":32,"column":23},"end":{"line":44,"column":4}},"19":{"start":{"line":46,"column":2},"end":{"line":50,"column":3}},"20":{"start":{"line":47,"column":4},"end":{"line":47,"column":19}},"21":{"start":{"line":49,"column":4},"end":{"line":49,"column":50}},"22":{"start":{"line":53,"column":15},"end":{"line":59,"column":2}},"23":{"start":{"line":62,"column":0},"end":{"line":117,"column":3}},"24":{"start":{"line":63,"column":2},"end":{"line":116,"column":3}},"25":{"start":{"line":64,"column":43},"end":{"line":64,"column":52}},"26":{"start":{"line":65,"column":19},"end":{"line":65,"column":53}},"27":{"start":{"line":67,"column":22},"end":{"line":67,"column":24}},"28":{"start":{"line":68,"column":26},"end":{"line":68,"column":28}},"29":{"start":{"line":70,"column":4},"end":{"line":73,"column":5}},"30":{"start":{"line":71,"column":6},"end":{"line":71,"column":46}},"31":{"start":{"line":72,"column":6},"end":{"line":72,"column":30}},"32":{"start":{"line":75,"column":23},"end":{"line":84,"column":6}},"33":{"start":{"line":86,"column":4},"end":{"line":86,"column":31}},"34":{"start":{"line":88,"column":23},"end":{"line":91,"column":6}},"35":{"start":{"line":93,"column":39},"end":{"line":96,"column":6}},"36":{"start":{"line":98,"column":23},"end":{"line":98,"column":39}},"37":{"start":{"line":99,"column":23},"end":{"line":99,"column":58}},"38":{"start":{"line":100,"column":23},"end":{"line":100,"column":60}},"39":{"start":{"line":102,"column":4},"end":{"line":112,"column":7}},"40":{"start":{"line":114,"column":4},"end":{"line":114,"column":45}},"41":{"start":{"line":115,"column":4},"end":{"line":115,"column":61}},"42":{"start":{"line":121,"column":0},"end":{"line":197,"column":3}},"43":{"start":{"line":122,"column":18},"end":{"line":122,"column":39}},"44":{"start":{"line":123,"column":2},"end":{"line":134,"column":5}},"45":{"start":{"line":124,"column":4},"end":{"line":132,"column":5}},"46":{"start":{"line":125,"column":6},"end":{"line":127,"column":7}},"47":{"start":{"line":126,"column":8},"end":{"line":126,"column":82}},"48":{"start":{"line":128,"column":6},"end":{"line":130,"column":7}},"49":{"start":{"line":129,"column":8},"end":{"line":129,"column":72}},"50":{"start":{"line":131,"column":6},"end":{"line":131,"column":77}},"51":{"start":{"line":133,"column":4},"end":{"line":133,"column":11}},"52":{"start":{"line":136,"column":2},"end":{"line":196,"column":3}},"53":{"start":{"line":137,"column":4},"end":{"line":139,"column":5}},"54":{"start":{"line":138,"column":6},"end":{"line":138,"column":65}},"55":{"start":{"line":141,"column":25},"end":{"line":141,"column":33}},"56":{"start":{"line":142,"column":19},"end":{"line":142,"column":35}},"57":{"start":{"line":145,"column":21},"end":{"line":145,"column":52}},"58":{"start":{"line":146,"column":21},"end":{"line":146,"column":77}},"59":{"start":{"line":147,"column":16},"end":{"line":147,"column":65}},"60":{"start":{"line":148,"column":20},"end":{"line":148,"column":68}},"61":{"start":{"line":150,"column":4},"end":{"line":166,"column":5}},"62":{"start":{"line":151,"column":6},"end":{"line
[...]
":{"line":228,"column":20}},"67":{"start":{"line":231,"column":6},"end":{"line":231,"column":41}},"68":{"start":{"line":232,"column":6},"end":{"line":232,"column":22}},"69":{"start":{"line":234,"column":21},"end":{"line":236,"column":null}},"70":{"start":{"line":239,"column":6},"end":{"line":239,"column":35}},"71":{"start":{"line":242,"column":6},"end":{"line":242,"column":57}},"72":{"start":{"line":243,"column":6},"end":{"line":245,"column":7}},"73":{"start":{"line":244,"column":8},"end":{"line":244,"column":59}},"74":{"start":{"line":247,"column":6},"end":{"line":247,"column":28}},"75":{"start":{"line":249,"column":6},"end":{"line":249,"column":37}},"76":{"start":{"line":250,"column":6},"end":{"line":250,"column":18}},"77":{"start":{"line":252,"column":6},"end":{"line":252,"column":23}},"78":{"start":{"line":260,"column":19},"end":{"line":260,"column":39}},"79":{"start":{"line":262,"column":4},"end":{"line":310,"column":5}},"80":{"start":{"line":263,"column":6},"end":{"line":263,"column":34}},"81":{"start":{"line":266,"column":23},"end":{"line":271,"column":null}},"82":{"start":{"line":274,"column":6},"end":{"line":276,"column":7}},"83":{"start":{"line":275,"column":8},"end":{"line":275,"column":21}},"84":{"start":{"line":279,"column":24},"end":{"line":283,"column":null}},"85":{"start":{"line":286,"column":6},"end":{"line":288,"column":7}},"86":{"start":{"line":287,"column":8},"end":{"line":287,"column":68}},"87":{"start":{"line":291,"column":21},"end":{"line":293,"column":null}},"88":{"start":{"line":296,"column":6},"end":{"line":296,"column":35}},"89":{"start":{"line":299,"column":6},"end":{"line":302,"column":8}},"90":{"start":{"line":304,"column":6},"end":{"line":304,"column":36}},"91":{"start":{"line":306,"column":6},"end":{"line":306,"column":37}},"92":{"start":{"line":307,"column":6},"end":{"line":307,"column":18}},"93":{"start":{"line":309,"column":6},"end":{"line":309,"column":23}},"94":{"start":{"line":317,"column":19},"end":{"line":321,"column":null}},"95":{"start":{"line":324,"column":4},"end":{"line":324,"column":34}},"96":{"start":{"line":335,"column":25},"end":{"line":335,"column":56}},"97":{"start":{"line":336,"column":21},"end":{"line":336,"column":74}},"98":{"start":{"line":338,"column":19},"end":{"line":344,"column":null}},"99":{"start":{"line":347,"column":4},"end":{"line":349,"column":5}},"100":{"start":{"line":348,"column":6},"end":{"line":348,"column":28}},"101":{"start":{"line":352,"column":4},"end":{"line":365,"column":5}},"102":{"start":{"line":353,"column":25},"end":{"line":359,"column":null}},"103":{"start":{"line":362,"column":6},"end":{"line":364,"column":7}},"104":{"start":{"line":363,"column":8},"end":{"line":363,"column":34}},"105":{"start":{"line":368,"column":26},"end":{"line":374,"column":null}},"106":{"start":{"line":377,"column":4},"end":{"line":377,"column":41}},"107":{"start":{"line":381,"column":13},"end":{"line":381,"column":45}}},"fnMap":{"0":{"name":"(anonymous_0)","decl":{"start":{"line":43,"column":2},"end":{"line":43,"column":7}},"loc":{"start":{"line":43,"column":37},"end":{"line":60,"column":3}}},"1":{"name":"(anonymous_1)","decl":{"start":{"line":65,"column":2},"end":{"line":65,"column":7}},"loc":{"start":{"line":65,"column":30},"end":{"line":75,"column":3}}},"2":{"name":"(anonymous_2)","decl":{"start":{"line":80,"column":2},"end":{"line":80,"column":7}},"loc":{"start":{"line":80,"column":41},"end":{"line":89,"column":3}}},"3":{"name":"(anonymous_3)","decl":{"start":{"line":94,"column":2},"end":{"line":94,"column":7}},"loc":{"start":{"line":94,"column":38},"end":{"line":159,"column":3}}},"4":{"name":"(anonymous_4)","decl":{"start":{"line":164,"column":2},"end":{"line":164,"column":7}},"loc":{"start":{"line":164,"column":50},"end":{"line":254,"column":3}}},"5":{"name":"(anonymous_5)","decl":{"start":{"line":259,"column":2},"end":{"line":259,"column":7}},"loc":{"start":{"line":259,"column":29},"end":{"line":311,"column":3}}},"6":{"name":"(anonymous_6)","decl":{"start":{"line":316,"column":2},"end":{"line":316,"column":7}},"loc":{"start":{"line":316,"column":48},"end":{"line":325,"column":3}}},"7":{"name":"(anonymous_7)","decl":{"start":{"line":330,"column":2},"end":{"line":330,"column":7}},"loc":{"start":{"line":332,"column":16},"end":{"line":378,"column":3}}}},"branchMap":{"0":{"loc":{"start":{"line":51,"column":4},"end":{"line":54,"column":5}},"type":"if","locations":[{"start":{"line":51,"column":4},"end":{"line":54,"column":5}}]},"1":{"loc":{"start":{"line":74,"column":11},"end":{"line":74,"column":33}},"type":"binary-expr","locations":[{"start":{"line":74,"column":11},"end":{"line":74,"column":25}},{"start":{"line":74,"column":29},"end":{"line":74,"column":33}}]},"2":{"loc":{"start":{"line":106,"column":6},"end":{"line":108,"column":7}},"type":"if","locations":[{"start":{"line":106,"column":6},"end":{"line":108,"column":7}}]},"3":{"loc":{"start":{"line":113,"column":6},"end":{"line":118,"column":7}},"type":"if","locations":[{"start":{"line":113,"column":6},"end":{"line":118,"column":7}}]},"4":{"loc":{"start":{"line":138,"column":10},"end":{"line":138,"column":31}},"type":"binary-expr","locations":[{"start":{"line":138,"column":10},"end":{"line":138,"column":24}},{"start":{"line":138,"column":28},"end":{"line":138,"column":31}}]},"5":{"loc":{"start":{"line":139,"column":10},"end":{"line":139,"column":33}},"type":"binary-expr","locations":[{"start":{"line":139,"column":10},"end":{"line":139,"column":20}},{"start":{"line":139,"column":24},"end":{"line":139,"column":33}}]},"6":{"loc":{"start":{"line":140,"column":10},"end":{"line":140,"column":32}},"type":"binary-expr","locations":[{"start":{"line":140,"column":10},"end":{"line":140,"column":26}},{"start":{"line":140,"column":30},"end":{"line":140,"column":32}}]},"7":{"loc":{"start":{"line":141,"column":10},"end":{"line":141,"column":40}},"type":"binary-expr","locations":[{"start":{"line":141,"column":10},"end":{"line":141,"column":25}},{"start":{"line":141,"column":29},"end":{"line":141,"column":40}}]},"8":{"loc":{"start":{"line":143,"column":10},"end":{"line":143,"column":29}},"type":"binary-expr","locations":[{"start":{"line":143,"column":10},"end":{"line":143,"column":23}},{"start":{"line":143,"column":27},"end":{"line":143,"column":29}}]},"9":{"loc":{"start":{"line":150,"column":36},"end":{"line":150,"column":57}},"type":"binary-expr","locations":[{"start":{"line":150,"column":36},"end":{"line":150,"column":50}},{"start":{"line":150,"column":54},"end":{"line":150,"column":57}}]},"10":{"loc":{"start":{"line":179,"column":6},"end":{"line":181,"column":7}},"type":"if","locations":[{"start":{"line":179,"column":6},"end":{"line":181,"column":7}}]},"11":{"loc":{"start":{"line":186,"column":6},"end":{"line":191,"column":7}},"type":"if","locations":[{"start":{"line":186,"column":6},"end":{"line":191,"column":7}}]},"12":{"loc":{"start":{"line":186,"column":10},"end":{"line":186,"column":54}},"type":"binary-expr","locations":[{"start":{"line":186,"column":10},"end":{"line":186,"column":34}},{"start":{"line":186,"column":38},"end":{"line":186,"column":54}}]},"13":{"loc":{"start":{"line":198,"column":6},"end":{"line":201,"column":7}},"type":"if","locations":[{"start":{"line":198,"column":6},"end":{"line":201,"column":7}}]},"14":{"loc":{"start":{"line":202,"column":6},"end":{"line":205,"column":7}},"type":"if","locations":[{"start":{"line":202,"column":6},"end":{"line":205,"column":7}}]},"15":{"loc":{"start":{"line":206,"column":6},"end":{"line":209,"column":7}},"type":"if","locations":[{"start":{"line":206,"column":6},"end":{"line":209,"column":7}}]},"16":{"loc":{"start":{"line":210,"column":6},"end":{"line":213,"column":7}},"type":"if","locations":[{"start":{"line":210,"column":6},"end":{"line":213,"column":7}}]},"17":{"loc":{"start":{"line":214,"column":6},"end":{"line":217,"column":7}},"type":"if","locations":[{"start":{"line":214,"column":6},"end":{"line":217,"column":7}}]},"18":{"loc":{"start":{"line":218,"column":6},"end":{"line":221,"column":7}},"type":"if","locations":[{"start":{"line":218,"column":6},"end":{"line":221,"column":7}}]},"19":{"loc":{"start":{"line":222,"column":6},"end":{"line":225,"column":7}},"type":"if","locations":[{"start":{"line":222,"column":6},"end":{"line":225,"column":7}}]},"20":{"loc":{"start":{"line":227,"column":6},"end":{"line":229,"column":7}},"type":"if","locations":[{"start":{"line":227,"column":6},"end":{"line":229,"column":7}}]},"21":{"loc":{"start":{"line":243,"column":6},"end":{"line":245,"column":7}},"type":"if","locations":[{"start":{"line":243,"column":6},"end":{"line":245,"column":7}}]},"22":{"loc":{"start":{"line":243,"column":10},"end":{"line":243,"column":61}},"type":"binary-expr","locations":[{"start":{"line":243,"column":10},"end":{"line":243,"column":24}},{"start":{"line":243,"column":28},"end":{"line":243,"column":61}}]},"23":{"loc":{"start":{"line":274,"column":6},"end":{"line":276,"column":7}},"type":"if","locations":[{"start":{"line":274,"column":6},"end":{"line":276,"column":7}}]},"24":{"loc":{"start":{"line":286,"column":6},"end":{"line":288,"column":7}},"type":"if","locations":[{"start":{"line":286,"column":6},"end":{"line":288,"column":7}}]},"25":{"loc":{"start":{"line":324,"column":11},"end":{"line":324,"column":33}},"type":"binary-expr","locations":[{"start":{"line":324,"column":11},"end":{"line":324,"column":25}},{"start":{"line":324,"column":29},"end":{"line":324,"column":33}}]},"26":{"loc":{"start":{"line":336,"column":21},"end":{"line":336,"column":74}},"type":"cond-expr","locations":[{"start":{"line":336,"column":47},"end":{"line":336,"column":68}},{"start":{"line":336,"column":71},"end":{"line":336,"column":74}}]},"27":{"loc":{"start":{"line":347,"column":4},"end":{"line":349,"column":5}},"type":"if","locations":[{"start":{"line":347,"column":4},"end":{"line":349,"column":5}}]},"28":{"loc":{"start":{"line":352,"column":4},"end":{"line":365,"column":5}},"type":"if","locations":[{"start":{"line":352,"column":4},"end":{"line":365,"column":5}}]},"29":{"loc":{"start":{"line":362,"column":6},"end":{"line":364,"column":7}},"type":"if","locations":[{"start":{"line":362,"column":6},"end":{"line":364,"column":7}}]},"30":{"loc":{"start":{"line":377,"column":11},"end":{"line":377,"column":40}},"type":"binary-expr","locations":[{"start":{"line":377,"column":11},"end":{"line":377,"column":32}},{"start":{"line":377,"column":36},"end":{"line":377,"column":40}}]}},"s":{"0":2,"1":2,"2":2,"3":2,"4":2,"5":1,"6":1,"7":2,"8":2,"9":2,"10":2,"11":2,"12":0,"13":0,"14":3,"15":3,"16":3,"17":3,"18":3,"19":1,"20":2,"21":2,"22":0,"23":2,"24":2,"25":2,"26":2,"27":2,"28":2,"29":1,"30":1,"31":3,"32":3,"33":3,"34":3,"35":3,"36":3,"37":1,"38":2,"39":2,"40":1,"41":2,"42":2,"43":2,"44":2,"45":1,"46":1,"47":2,"48":0,"49":0,"50":2,"51":0,"52":0,"53":2,"54":0,"55":0,"56":2,"57":1,"58":1,"59":2,"60":1,"61":1,"62":2,"63":0,"64":0,"65":2,"66":0,"67":2,"68":2,"69":2,"70":2,"71":2,"72":2,"73":0,"74":2,"75":0,"76":0,"77":3,"78":3,"79":3,"80":3,"81":3,"82":3,"83":1,"84":2,"85":2,"86":1,"87":1,"88":1,"89":1,"90":1,"91":1,"92":1,"93":3,"94":0,"95":0,"96":4,"97":4,"98":4,"99":4,"100":1,"101":3,"102":2,"103":2,"104":1,"105":2,"106":2,"107":2},"f":{"0":2,"1":2,"2":0,"3":3,"4":3,"5":3,"6":0,"7":4},"b":{"0":[1],"1":[2,1],"2":[1],"3":[0],"4":[2,1],"5":[2,2],"6":[2,2],"7":[2,2],"8":[2,2],"9":[2,1],"10":[1],"11":[1],"12":[2,1],"13":[1],"14":[0],"15":[0],"16":[0],"17":[1],"18":[1],"19":[0],"20":[0],"21":[0],"22":[2,0],"23":[1],"24":[1],"25":[0,0],"26":[3,1],"27":[1],"28":[2],"29":[1],"30":[2,1]}}
,"C:\\Users\\drago\\DEVELOPMENT\\dprogres_site\\backend\\src\\utils\\database.ts": {"path":"C:\\Users\\drago\\DEVELOPMENT\\dprogres_site\\backend\\src\\utils\\database.ts","statementMap":{"0":{"start":{"line":1,"column":0},"end":{"line":1,"column":26}},"1":{"start":{"line":3,"column":13},"end":{"line":6,"column":2}},"2":{"start":{"line":22,"column":9},"end":{"line":22,"column":13}},"3":{"start":{"line":8,"column":21},"end":{"line":16,"column":1}},"4":{"start":{"line":9,"column":17},"end":{"line":9,"column":37}},"5":{"start":{"line":10,"column":2},"end":{"line":15,"column":3}},"6":{"start":{"line":11,"column":19},"end":{"line":11,"column":51}},"7":{"start":{"line":12,"column":4},"end":{"line":12,"column":18}},"8":{"start":{"line":14,"column":4},"end":{"line":14,"column":21}},"9":{"start":{"line":8,"column":13},"end":{"line":8,"column":21}},"10":{"start":{"line":18,"column":25},"end":{"line":20,"column":1}},"11":{"start":{"line":19,"column":2},"end":{"line":19,"column":30}},"12":{"start":{"line":18,"column":13},"end":{"line":18,"column":25}},"13":{"start":{"line":23,"column":0},"end":{"line":23,"column":20}}},"fnMap":{"0":{"name":"(anonymous_0)","decl":{"start":{"line":8,"column":21},"end":{"line":8,"column":26}},"loc":{"start":{"line":8,"column":60},"end":{"line":16,"column":1}}},"1":{"name":"(anonymous_1)","decl":{"start":{"line":18,"column":25},"end":{"line":18,"column":30}},"loc":{"start":{"line":18,"column":36},"end":{"line":20,"column":1}}}},"branchMap":{"0":{"loc":{"start":{"line":4,"column":20},"end":{"line":4,"column":102}},"type":"binary-expr","locations":[{"start":{"line":4,"column":20},"end":{"line":4,"column":44}},{"start":{"line":4,"column":48},"end":{"line":4,"column":102}}]},"1":{"loc":{"start":{"line":5,"column":7},"end":{"line":5,"column":84}},"type":"cond-expr","locations":[{"start":{"line":5,"column":47},"end":{"line":5,"column":76}},{"start":{"line":5,"column":79},"end":{"line":5,"column":84}}]}},"s":{"0":4,"1":4,"2":4,"3":4,"4":0,"5":0,"6":0,"7":0,"8":0,"9":4,"10":4,"11":0,"12":4,"13":4},"f":{"0":0,"1":0},"b":{"0":[4,4],"1":[0,4]}}
,"C:\\Users\\drago\\DEVELOPMENT\\dprogres_site\\backend\\src\\utils\\jwt.ts": {"path":"C:\\Users\\drago\\DEVELOPMENT\\dprogres_site\\backend\\src\\utils\\jwt.ts","statementMap":{"0":{"start":{"line":1,"column":0},"end":{"line":1,"column":36}},"1":{"start":{"line":3,"column":19},"end":{"line":3,"column":66}},"2":{"start":{"line":4,"column":23},"end":{"line":4,"column":57}},"3":{"start":{"line":6,"column":0},"end":{"line":8,"column":1}},"4":{"start":{"line":7,"column":2},"end":{"line":7,"column":82}},"5":{"start":{"line":16,"column":29},"end":{"line":22,"column":1}},"6":{"start":{"line":17,"column":2},"end":{"line":21,"column":3}},"7":{"start":{"line":18,"column":4},"end":{"line":18,"column":86}},"8":{"start":{"line":20,"column":4},"end":{"line":20,"column":46}},"9":{"start":{"line":16,"column":13},"end":{"line":16,"column":29}},"10":{"start":{"line":24,"column":27},"end":{"line":31,"column":1}},"11":{"start":{"line":25,"column":2},"end":{"line":30,"column":3}},"12":{"start":{"line":26,"column":20},"end":{"line":26,"column":49}},"13":{"start":{"line":27,"column":4},"end":{"line":27,"column":33}},"14":{"start":{"line":29,"column":4},"end":{"line":29,"column":37}},"15":{"start":{"line":24,"column":13},"end":{"line":24,"column":27}},"16":{"start":{"line":33,"column":27},"end":{"line":40,"column":1}},"17":{"start":{"line":34,"column":2},"end":{"line":39,"column":3}},"18":{"start":{"line":35,"column":20},"end":{"line":35,"column":37}},"19":{"start":{"line":36,"column":4},"end":{"line":36,"column":33}},"20":{"start":{"line":38,"column":4},"end":{"line":38,"column":16}},"21":{"start":{"line":33,"column":13},"end":{"line":33,"column":27}}},"fnMap":{"0":{"name":"(anonymous_9)","decl":{"start":{"line":16,"column":29},"end":{"line":16,"column":30}},"loc":{"start":{"line":16,"column":61},"end":{"line":22,"column":1}}},"1":{"name":"(anonymous_10)","decl":{"start":{"line":24,"column":27},"end":{"line":24,"column":28}},"loc":{"start":{"line":24,"column":57},"end":{"line":31,"column":1}}},"2":{"name":"(anonymous_11)","decl":{"start":{"line":33,"column":27},"end":{"line":33,"column":28}},"loc":{"start":{"line":33,"column":64},"end":{"line":40,"column":1}}}},"branchMap":{"0":{"loc":{"start":{"line":3,"column":19},"end":{"line":3,"column":66}},"type":"binary-expr","locations":[{"start":{"line":3,"column":19},"end":{"line":3,"column":41}},{"start":{"line":3,"column":45},"end":{"line":3,"column":66}}]},"1":{"loc":{"start":{"line":4,"column":23},"end":{"line":4,"column":57}},"type":"binary-expr","locations":[{"start":{"line":4,"column":23},"end":{"line":4,"column":49}},{"start":{"line":4,"column":53},"end":{"line":4,"column":57}}]},"2":{"loc":{"start":{"line":6,"column":0},"end":{"line":8,"column":1}},"type":"if","locations":[{"start":{"line":6,"column":0},"end":{"line":8,"column":1}}]},"3":{"loc":{"start":{"line":6,"column":4},"end":{"line":6,"column":55}},"type":"binary-expr","locations":[{"start":{"line":6,"column":4},"end":{"line":6,"column":15}},{"start":{"line":6,"column":19},"end":{"line":6,"column":55}}]}},"s":{"0":3,"1":3,"2":3,"3":3,"4":3,"5":3,"6":6,"7":6,"8":0,"9":3,"10":3,"11":3,"12":3,"13":1,"14":2,"15":3,"16":3,"17":2,"18":2,"19":2,"20":0,"21":3},"f":{"0":6,"1":3,"2":2},"b":{"0":[3,3],"1":[3,3],"2":[3],"3":[3,3]}}
,"C:\\Users\\drago\\DEVELOPMENT\\dprogres_site\\backend\\src\\utils\\password.ts": {"path":"C:\\Users\\drago\\DEVELOPMENT\\dprogres_site\\backend\\src\\utils\\password.ts","statementMap":{"0":{"start":{"line":1,"column":0},"end":{"line":1,"column":30}},"1":{"start":{"line":3,"column":20},"end":{"line":3,"column":22}},"2":{"start":{"line":5,"column":28},"end":{"line":13,"column":1}},"3":{"start":{"line":6,"column":2},"end":{"line":12,"column":3}},"4":{"start":{"line":7,"column":17},"end":{"line":7,"column":50}},"5":{"start":{"line":8,"column":17},"end":{"line":8,"column":50}},"6":{"start":{"line":9,"column":4},"end":{"line":9,"column":16}},"7":{"start":{"line":11,"column":4},"end":{"line":11,"column":46}},"8":{"start":{"line":5,"column":13},"end":{"line":5,"column":28}},"9":{"start":{"line":15,"column":31},"end":{"line":21,"column":1}},"10":{"start":{"line":16,"column":2},"end":{"line":20,"column":3}},"11":{"start":{"line":17,"column":4},"end":{"line":17,"column":48}},"12":{"start":{"line":19,"column":4},"end":{"line":19,"column":48}},"13":{"start":{"line":15,"column":13},"end":{"line":15,"column":31}}},"fnMap":{"0":{"name":"(anonymous_1)","decl":{"start":{"line":5,"column":28},"end":{"line":5,"column":33}},"loc":{"start":{"line":5,"column":72},"end":{"line":13,"column":1}}},"1":{"name":"(anonymous_2)","decl":{"start":{"line":15,"column":31},"end":{"line":15,"column":36}},"loc":{"start":{"line":15,"column":90},"end":{"line":21,"column":1}}}},"branchMap":{},"s":{"0":2,"1":2,"2":2,"3":7,"4":7,"5":7,"6":7,"7":0,"8":2,"9":2,"10":4,"11":4,"12":0,"13":2},"f":{"0":7,"1":4},"b":{}}
,"C:\\Users\\drago\\DEVELOPMENT\\dprogres_site\\backend\\src\\utils\\slug.ts": {"path":"C:\\Users\\drago\\DEVELOPMENT\\dprogres_site\\backend\\src\\utils\\slug.ts","statementMap":{"0":{"start":{"line":1,"column":0},"end":{"line":1,"column":30}},"1":{"start":{"line":3,"column":28},"end":{"line":9,"column":1}},"2":{"start":{"line":4,"column":2},"end":{"line":8,"column":5}},"3":{"start":{"line":3,"column":13},"end":{"line":3,"column":28}},"4":{"start":{"line":11,"column":34},"end":{"line":22,"column":1}},"5":{"start":{"line":12,"column":17},"end":{"line":12,"column":35}},"6":{"start":{"line":13,"column":13},"end":{"line":13,"column":21}},"7":{"start":{"line":14,"column":16},"end":{"line":14,"column":17}},"8":{"start":{"line":16,"column":2},"end":{"line":19,"column":3}},"9":{"start":{"line":17,"column":4},"end":{"line":17,"column":36}},"10":{"start":{"line":18,"column":4},"end":{"line":18,"column":14}},"11":{"start":{"line":21,"column":2},"end":{"line":21,"column":14}},"12":{"start":{"line":11,"column":13},"end":{"line":11,"column":34}}},"fnMap":{"0":{"name":"(anonymous_1)","decl":{"start":{"line":3,"column":28},"end":{"line":3,"column":29}},"loc":{"start":{"line":3,"column":53},"end":{"line":9,"column":1}}},"1":{"name":"(anonymous_2)","decl":{"start":{"line":11,"column":34},"end":{"line":11,"column":35}},"loc":{"start":{"line":11,"column":84},"end":{"line":22,"column":1}}}},"branchMap":{},"s":{"0":1,"1":1,"2":11,"3":1,"4":1,"5":5,"6":5,"7":5,"8":5,"9":5,"10":5,"11":5,"12":1},"f":{"0":11,"1":5},"b":{}}
}
