TN:
SF:src\middleware\auth.ts
FN:13,(anonymous_0)
FN:30,(anonymous_1)
FN:31,(anonymous_2)
FNF:3
FNH:3
FNDA:6,(anonymous_0)
FNDA:6,(anonymous_1)
FNDA:5,(anonymous_2)
DA:2,2
DA:13,2
DA:14,6
DA:15,6
DA:17,6
DA:18,4
DA:21,2
DA:22,2
DA:23,1
DA:24,1
DA:26,1
DA:30,2
DA:31,6
DA:32,5
DA:33,1
DA:36,4
DA:37,1
DA:40,3
DA:44,2
DA:45,2
DA:46,2
LF:21
LH:21
BRDA:15,0,0,6
BRDA:15,0,1,3
BRDA:17,1,0,4
BRDA:32,2,0,1
BRDA:36,3,0,1
BRF:5
BRH:5
end_of_record
TN:
SF:src\middleware\domainValidation.ts
FN:20,refreshDomainCache
FN:27,(anonymous_1)
FN:46,validateDomain
FN:88,resolveDomain
FN:131,clearDomainCache
FNF:5
FNH:0
FNDA:0,refreshDomainCache
FNDA:0,(anonymous_1)
FNDA:0,validateDomain
FNDA:0,resolveDomain
FNDA:0,clearDomainCache
DA:2,0
DA:10,0
DA:15,0
DA:21,0
DA:22,0
DA:27,0
DA:28,0
DA:31,0
DA:32,0
DA:33,0
DA:34,0
DA:35,0
DA:38,0
DA:46,0
DA:51,0
DA:53,0
DA:54,0
DA:55,0
DA:59,0
DA:60,0
DA:61,0
DA:62,0
DA:66,0
DA:69,0
DA:70,0
DA:71,0
DA:72,0
DA:76,0
DA:78,0
DA:80,0
DA:81,0
DA:88,0
DA:93,0
DA:94,0
DA:97,0
DA:102,0
DA:103,0
DA:106,0
DA:111,0
DA:112,0
DA:115,0
DA:119,0
DA:121,0
DA:123,0
DA:124,0
DA:131,0
DA:132,0
LF:47
LH:0
BRDA:32,0,0,0
BRDA:54,1,0,0
BRDA:54,2,0,0
BRDA:54,2,1,0
BRDA:60,3,0,0
BRDA:69,4,0,0
BRDA:69,5,0,0
BRDA:69,5,1,0
BRDA:94,6,0,0
BRDA:94,6,1,0
BRDA:102,7,0,0
BRDA:102,7,1,0
BRDA:111,8,0,0
BRDA:111,8,1,0
BRF:14
BRH:0
end_of_record
TN:
SF:src\middleware\siteResolver.ts
FN:29,siteResolver
FN:133,requireSiteContext
FN:150,clearSiteCache
FN:157,clearSiteCacheEntry
FNF:4
FNH:3
FNDA:10,siteResolver
FNDA:3,requireSiteContext
FNDA:12,clearSiteCache
FNDA:0,clearSiteCacheEntry
DA:2,2
DA:3,2
DA:22,2
DA:23,2
DA:29,2
DA:34,10
DA:36,10
DA:42,2
DA:46,8
DA:47,8
DA:48,1
DA:51,7
DA:54,7
DA:55,7
DA:58,7
DA:59,7
DA:61,7
DA:62,1
DA:63,1
DA:67,6
DA:69,5
DA:72,1
DA:76,4
DA:85,4
DA:86,1
DA:96,4
DA:97,1
DA:106,4
DA:108,4
DA:116,4
DA:119,4
DA:121,4
DA:123,1
DA:125,1
DA:133,2
DA:138,3
DA:139,2
DA:142,2
DA:144,1
DA:150,2
DA:151,12
DA:157,2
DA:158,0
DA:159,0
LF:44
LH:42
BRDA:36,0,0,2
BRDA:37,1,0,10
BRDA:37,1,1,9
BRDA:37,1,2,8
BRDA:37,1,3,8
BRDA:47,2,0,1
BRDA:55,3,0,2
BRDA:55,3,1,5
BRDA:61,4,0,1
BRDA:61,5,0,7
BRDA:61,5,1,1
BRDA:69,6,0,1
BRDA:85,7,0,1
BRDA:85,8,0,4
BRDA:85,8,1,1
BRDA:96,9,0,1
BRDA:110,10,0,4
BRDA:110,10,1,0
BRDA:111,11,0,4
BRDA:111,11,1,0
BRDA:112,12,0,4
BRDA:112,12,1,0
BRDA:138,13,0,2
BRDA:138,14,0,3
BRDA:138,14,1,2
BRF:25
BRH:22
end_of_record
TN:
SF:src\middleware\validation.ts
FN:4,(anonymous_1)
FN:5,(anonymous_2)
FN:14,(anonymous_3)
FNF:3
FNH:3
FNDA:2,(anonymous_1)
FNDA:5,(anonymous_2)
FNDA:2,(anonymous_3)
DA:2,1
DA:4,1
DA:5,2
DA:6,5
DA:11,5
DA:12,2
DA:14,2
DA:22,3
DA:23,3
DA:28,1
DA:31,1
DA:36,1
DA:44,1
DA:62,1
DA:81,1
DA:88,1
DA:96,1
DA:108,1
DA:121,1
DA:130,1
LF:20
LH:20
BRDA:11,0,0,2
BRF:1
BRH:1
end_of_record
TN:
SF:src\routes\admin.ts
FN:12,(anonymous_1)
FN:38,(anonymous_2)
FN:65,(anonymous_3)
FN:175,(anonymous_4)
FN:202,(anonymous_5)
FN:233,(anonymous_6)
FN:315,(anonymous_7)
FN:339,(anonymous_8)
FN:357,(anonymous_9)
FN:391,(anonymous_10)
FN:418,(anonymous_11)
FNF:11
FNH:0
FNDA:0,(anonymous_1)
FNDA:0,(anonymous_2)
FNDA:0,(anonymous_3)
FNDA:0,(anonymous_4)
FNDA:0,(anonymous_5)
FNDA:0,(anonymous_6)
FNDA:0,(anonymous_7)
FNDA:0,(anonymous_8)
FNDA:0,(anonymous_9)
FNDA:0,(anonymous_10)
FNDA:0,(anonymous_11)
DA:1,0
DA:3,0
DA:4,0
DA:6,0
DA:9,0
DA:12,0
DA:13,0
DA:15,0
DA:16,0
DA:20,0
DA:28,0
DA:33,0
DA:37,0
DA:38,0
DA:39,0
DA:43,0
DA:47,0
DA:57,0
DA:59,0
DA:60,0
DA:65,0
DA:66,0
DA:68,0
DA:69,0
DA:79,0
DA:81,0
DA:83,0
DA:84,0
DA:85,0
DA:88,0
DA:89,0
DA:90,0
DA:93,0
DA:94,0
DA:95,0
DA:98,0
DA:99,0
DA:100,0
DA:103,0
DA:104,0
DA:105,0
DA:108,0
DA:109,0
DA:110,0
DA:113,0
DA:138,0
DA:140,0
DA:148,0
DA:153,0
DA:154,0
DA:155,0
DA:157,0
DA:169,0
DA:170,0
DA:175,0
DA:176,0
DA:177,0
DA:178,0
DA:181,0
DA:182,0
DA:190,0
DA:191,0
DA:194,0
DA:196,0
DA:197,0
DA:202,0
DA:203,0
DA:205,0
DA:206,0
DA:209,0
DA:221,0
DA:223,0
DA:227,0
DA:228,0
DA:233,0
DA:234,0
DA:236,0
DA:237,0
DA:246,0
DA:248,0
DA:250,0
DA:251,0
DA:252,0
DA:254,0
DA:255,0
DA:256,0
DA:259,0
DA:260,0
DA:261,0
DA:264,0
DA:265,0
DA:266,0
DA:269,0
DA:280,0
DA:282,0
DA:288,0
DA:293,0
DA:294,0
DA:295,0
DA:297,0
DA:309,0
DA:310,0
DA:315,0
DA:316,0
DA:317,0
DA:318,0
DA:321,0
DA:322,0
DA:327,0
DA:328,0
DA:331,0
DA:333,0
DA:334,0
DA:339,0
DA:340,0
DA:341,0
DA:342,0
DA:345,0
DA:349,0
DA:351,0
DA:352,0
DA:357,0
DA:358,0
DA:359,0
DA:360,0
DA:363,0
DA:364,0
DA:366,0
DA:367,0
DA:368,0
DA:371,0
DA:376,0
DA:377,0
DA:380,0
DA:385,0
DA:386,0
DA:391,0
DA:392,0
DA:393,0
DA:394,0
DA:397,0
DA:400,0
DA:401,0
DA:404,0
DA:406,0
DA:407,0
DA:410,0
DA:412,0
DA:413,0
DA:418,0
DA:419,0
DA:420,0
DA:422,0
DA:423,0
DA:426,0
DA:427,0
DA:429,0
DA:430,0
DA:432,0
DA:434,0
DA:435,0
DA:436,0
DA:438,0
DA:439,0
DA:440,0
DA:443,0
DA:444,0
DA:445,0
DA:447,0
DA:448,0
DA:450,0
DA:452,0
DA:455,0
DA:457,0
DA:459,0
DA:460,0
DA:464,0
LF:177
LH:0
BRDA:15,0,0,0
BRDA:15,1,0,0
BRDA:15,1,1,0
BRDA:68,2,0,0
BRDA:68,3,0,0
BRDA:68,3,1,0
BRDA:73,4,0,0
BRDA:74,5,0,0
BRDA:88,6,0,0
BRDA:93,7,0,0
BRDA:98,8,0,0
BRDA:103,9,0,0
BRDA:108,10,0,0
BRDA:177,11,0,0
BRDA:177,12,0,0
BRDA:177,12,1,0
BRDA:190,13,0,0
BRDA:205,14,0,0
BRDA:205,15,0,0
BRDA:205,15,1,0
BRDA:236,16,0,0
BRDA:236,17,0,0
BRDA:236,17,1,0
BRDA:241,18,0,0
BRDA:242,19,0,0
BRDA:254,20,0,0
BRDA:259,21,0,0
BRDA:264,22,0,0
BRDA:317,23,0,0
BRDA:317,24,0,0
BRDA:317,24,1,0
BRDA:327,25,0,0
BRDA:341,26,0,0
BRDA:359,27,0,0
BRDA:367,28,0,0
BRDA:376,29,0,0
BRDA:393,30,0,0
BRDA:400,31,0,0
BRDA:406,32,0,0
BRDA:422,33,0,0
BRDA:422,34,0,0
BRDA:422,34,1,0
BRDA:422,34,2,0
BRDA:432,35,0,0
BRDA:432,35,1,0
BRDA:432,35,2,0
BRDA:432,35,3,0
BRDA:443,36,0,0
BRDA:443,36,1,0
BRF:49
BRH:0
end_of_record
TN:
SF:src\routes\auth.ts
FN:13,(anonymous_1)
FN:59,(anonymous_2)
FN:97,(anonymous_3)
FN:118,(anonymous_4)
FN:151,(anonymous_5)
FN:197,(anonymous_6)
FNF:6
FNH:1
FNDA:3,(anonymous_1)
FNDA:0,(anonymous_2)
FNDA:0,(anonymous_3)
FNDA:0,(anonymous_4)
FNDA:0,(anonymous_5)
FNDA:0,(anonymous_6)
DA:1,1
DA:3,1
DA:4,1
DA:5,1
DA:6,1
DA:7,1
DA:10,1
DA:13,1
DA:14,3
DA:15,3
DA:18,3
DA:20,3
DA:21,1
DA:24,2
DA:27,2
DA:28,0
DA:31,2
DA:33,2
DA:34,1
DA:38,1
DA:45,1
DA:47,1
DA:53,0
DA:54,0
DA:59,1
DA:60,0
DA:62,0
DA:63,0
DA:66,0
DA:69,0
DA:71,0
DA:72,0
DA:76,0
DA:79,0
DA:84,0
DA:86,0
DA:91,0
DA:92,0
DA:97,1
DA:98,0
DA:99,0
DA:101,0
DA:106,0
DA:107,0
DA:110,0
DA:112,0
DA:113,0
DA:118,1
DA:119,0
DA:120,0
DA:121,0
DA:124,0
DA:125,0
DA:126,0
DA:127,0
DA:131,0
DA:136,0
DA:137,0
DA:140,0
DA:145,0
DA:146,0
DA:151,1
DA:152,0
DA:153,0
DA:154,0
DA:156,0
DA:157,0
DA:160,0
DA:161,0
DA:165,0
DA:167,0
DA:168,0
DA:171,0
DA:174,0
DA:176,0
DA:177,0
DA:181,0
DA:184,0
DA:189,0
DA:191,0
DA:192,0
DA:197,1
DA:199,0
DA:202,1
LF:84
LH:27
BRDA:20,0,0,1
BRDA:27,1,0,0
BRDA:33,2,0,1
BRDA:62,3,0,0
BRDA:71,4,0,0
BRDA:106,5,0,0
BRDA:124,6,0,0
BRDA:126,7,0,0
BRDA:136,8,0,0
BRDA:156,9,0,0
BRDA:156,10,0,0
BRDA:156,10,1,0
BRDA:160,11,0,0
BRDA:167,12,0,0
BRDA:176,13,0,0
BRF:15
BRH:2
end_of_record
TN:
SF:src\routes\categories.ts
FN:12,(anonymous_1)
FN:46,(anonymous_2)
FN:124,(anonymous_3)
FN:131,(anonymous_4)
FN:167,(anonymous_5)
FN:220,(anonymous_6)
FNF:6
FNH:0
FNDA:0,(anonymous_1)
FNDA:0,(anonymous_2)
FNDA:0,(anonymous_3)
FNDA:0,(anonymous_4)
FNDA:0,(anonymous_5)
FNDA:0,(anonymous_6)
DA:1,0
DA:3,0
DA:4,0
DA:5,0
DA:6,0
DA:9,0
DA:12,0
DA:13,0
DA:15,0
DA:16,0
DA:18,0
DA:19,0
DA:20,0
DA:21,0
DA:22,0
DA:23,0
DA:26,0
DA:37,0
DA:38,0
DA:40,0
DA:41,0
DA:46,0
DA:47,0
DA:48,0
DA:49,0
DA:51,0
DA:54,0
DA:62,0
DA:64,0
DA:65,0
DA:68,0
DA:71,0
DA:94,0
DA:97,0
DA:102,0
DA:103,0
DA:105,0
DA:118,0
DA:119,0
DA:124,0
DA:125,0
DA:126,0
DA:129,0
DA:130,0
DA:131,0
DA:134,0
DA:135,0
DA:136,0
DA:140,0
DA:146,0
DA:153,0
DA:154,0
DA:156,0
DA:161,0
DA:162,0
DA:167,0
DA:168,0
DA:169,0
DA:170,0
DA:173,0
DA:174,0
DA:175,0
DA:178,0
DA:181,0
DA:182,0
DA:183,0
DA:184,0
DA:188,0
DA:198,0
DA:206,0
DA:207,0
DA:209,0
DA:214,0
DA:215,0
DA:220,0
DA:221,0
DA:222,0
DA:225,0
DA:226,0
DA:227,0
DA:231,0
DA:232,0
DA:234,0
DA:235,0
DA:241,0
DA:243,0
DA:245,0
DA:246,0
DA:250,0
LF:89
LH:0
BRDA:20,0,0,0
BRDA:20,1,0,0
BRDA:20,1,1,0
BRDA:49,2,0,0
BRDA:49,3,0,0
BRDA:64,4,0,0
BRDA:129,5,0,0
BRDA:129,5,1,0
BRDA:135,6,0,0
BRDA:174,7,0,0
BRDA:181,8,0,0
BRDA:181,9,0,0
BRDA:181,9,1,0
BRDA:183,10,0,0
BRDA:226,11,0,0
BRDA:234,12,0,0
BRF:16
BRH:0
end_of_record
TN:
SF:src\routes\domains.ts
FN:43,(anonymous_1)
FN:54,(anonymous_2)
FN:79,(anonymous_3)
FN:100,(anonymous_4)
FN:124,(anonymous_5)
FN:155,(anonymous_6)
FN:176,(anonymous_7)
FN:208,(anonymous_8)
FN:219,(anonymous_9)
FNF:9
FNH:0
FNDA:0,(anonymous_1)
FNDA:0,(anonymous_2)
FNDA:0,(anonymous_3)
FNDA:0,(anonymous_4)
FNDA:0,(anonymous_5)
FNDA:0,(anonymous_6)
FNDA:0,(anonymous_7)
FNDA:0,(anonymous_8)
FNDA:0,(anonymous_9)
DA:1,0
DA:2,0
DA:3,0
DA:4,0
DA:5,0
DA:7,0
DA:10,0
DA:26,0
DA:38,0
DA:43,0
DA:44,0
DA:45,0
DA:46,0
DA:48,0
DA:49,0
DA:54,0
DA:55,0
DA:56,0
DA:57,0
DA:58,0
DA:61,0
DA:62,0
DA:63,0
DA:66,0
DA:68,0
DA:69,0
DA:74,0
DA:80,0
DA:81,0
DA:82,0
DA:84,0
DA:86,0
DA:88,0
DA:89,0
DA:95,0
DA:101,0
DA:102,0
DA:103,0
DA:104,0
DA:107,0
DA:108,0
DA:109,0
DA:112,0
DA:114,0
DA:115,0
DA:117,0
DA:118,0
DA:124,0
DA:125,0
DA:126,0
DA:127,0
DA:128,0
DA:132,0
DA:133,0
DA:134,0
DA:137,0
DA:138,0
DA:139,0
DA:142,0
DA:144,0
DA:145,0
DA:150,0
DA:156,0
DA:157,0
DA:158,0
DA:159,0
DA:162,0
DA:163,0
DA:164,0
DA:167,0
DA:169,0
DA:170,0
DA:176,0
DA:177,0
DA:178,0
DA:179,0
DA:180,0
DA:183,0
DA:184,0
DA:185,0
DA:188,0
DA:190,0
DA:202,0
DA:203,0
DA:208,0
DA:209,0
DA:210,0
DA:211,0
DA:213,0
DA:214,0
DA:219,0
DA:220,0
DA:221,0
DA:222,0
DA:224,0
DA:225,0
DA:229,0
LF:97
LH:0
BRDA:57,0,0,0
BRDA:62,1,0,0
BRDA:84,2,0,0
BRDA:103,3,0,0
BRDA:108,4,0,0
BRDA:114,5,0,0
BRDA:127,6,0,0
BRDA:133,7,0,0
BRDA:138,8,0,0
BRDA:158,9,0,0
BRDA:163,10,0,0
BRDA:179,11,0,0
BRDA:184,12,0,0
BRF:13
BRH:0
end_of_record
TN:
SF:src\routes\media.ts
FN:14,(anonymous_1)
FN:21,(anonymous_2)
FN:30,(anonymous_3)
FN:62,(anonymous_4)
FN:121,(anonymous_5)
FN:123,(anonymous_6)
FN:135,(anonymous_7)
FN:200,(anonymous_8)
FN:243,(anonymous_9)
FN:275,(anonymous_10)
FN:304,(anonymous_11)
FNF:11
FNH:0
FNDA:0,(anonymous_1)
FNDA:0,(anonymous_2)
FNDA:0,(anonymous_3)
FNDA:0,(anonymous_4)
FNDA:0,(anonymous_5)
FNDA:0,(anonymous_6)
FNDA:0,(anonymous_7)
FNDA:0,(anonymous_8)
FNDA:0,(anonymous_9)
FNDA:0,(anonymous_10)
FNDA:0,(anonymous_11)
DA:1,0
DA:3,0
DA:4,0
DA:5,0
DA:6,0
DA:7,0
DA:8,0
DA:10,0
DA:13,0
DA:15,0
DA:16,0
DA:17,0
DA:19,0
DA:23,0
DA:24,0
DA:25,0
DA:26,0
DA:30,0
DA:32,0
DA:46,0
DA:47,0
DA:49,0
DA:53,0
DA:62,0
DA:63,0
DA:64,0
DA:65,0
DA:67,0
DA:68,0
DA:70,0
DA:71,0
DA:72,0
DA:75,0
DA:86,0
DA:88,0
DA:93,0
DA:98,0
DA:99,0
DA:100,0
DA:102,0
DA:114,0
DA:115,0
DA:121,0
DA:122,0
DA:123,0
DA:124,0
DA:125,0
DA:126,0
DA:128,0
DA:129,0
DA:131,0
DA:133,0
DA:136,0
DA:137,0
DA:138,0
DA:141,0
DA:142,0
DA:145,0
DA:146,0
DA:147,0
DA:148,0
DA:150,0
DA:151,0
DA:152,0
DA:153,0
DA:154,0
DA:155,0
DA:156,0
DA:158,0
DA:159,0
DA:162,0
DA:168,0
DA:176,0
DA:186,0
DA:187,0
DA:189,0
DA:194,0
DA:195,0
DA:200,0
DA:201,0
DA:202,0
DA:204,0
DA:205,0
DA:208,0
DA:209,0
DA:211,0
DA:212,0
DA:219,0
DA:228,0
DA:229,0
DA:232,0
DA:237,0
DA:238,0
DA:243,0
DA:244,0
DA:245,0
DA:246,0
DA:249,0
DA:250,0
DA:251,0
DA:254,0
DA:261,0
DA:262,0
DA:264,0
DA:269,0
DA:270,0
DA:275,0
DA:276,0
DA:277,0
DA:280,0
DA:281,0
DA:282,0
DA:285,0
DA:288,0
DA:289,0
DA:290,0
DA:294,0
DA:296,0
DA:298,0
DA:299,0
DA:304,0
DA:305,0
DA:306,0
DA:308,0
DA:317,0
DA:319,0
DA:320,0
DA:323,0
DA:325,0
DA:326,0
DA:330,0
LF:131
LH:0
BRDA:16,0,0,0
BRDA:46,1,0,0
BRDA:46,1,1,0
BRDA:64,2,0,0
BRDA:64,3,0,0
BRDA:70,4,0,0
BRDA:124,5,0,0
BRDA:125,6,0,0
BRDA:128,7,0,0
BRDA:131,8,0,0
BRDA:131,8,1,0
BRDA:137,9,0,0
BRDA:151,10,0,0
BRDA:204,11,0,0
BRDA:204,12,0,0
BRDA:204,12,1,0
BRDA:250,13,0,0
BRDA:281,14,0,0
BRDA:289,15,0,0
BRDA:319,16,0,0
BRF:20
BRH:0
end_of_record
TN:
SF:src\routes\menus.ts
FN:19,(anonymous_1)
FN:47,(anonymous_2)
FN:75,(anonymous_3)
FN:119,(anonymous_4)
FN:147,(anonymous_5)
FN:191,(anonymous_6)
FN:220,(anonymous_7)
FN:282,(anonymous_8)
FN:368,(anonymous_9)
FN:397,(anonymous_10)
FN:420,(anonymous_11)
FN:458,(anonymous_12)
FNF:12
FNH:0
FNDA:0,(anonymous_1)
FNDA:0,(anonymous_2)
FNDA:0,(anonymous_3)
FNDA:0,(anonymous_4)
FNDA:0,(anonymous_5)
FNDA:0,(anonymous_6)
FNDA:0,(anonymous_7)
FNDA:0,(anonymous_8)
FNDA:0,(anonymous_9)
FNDA:0,(anonymous_10)
FNDA:0,(anonymous_11)
FNDA:0,(anonymous_12)
DA:1,0
DA:2,0
DA:3,0
DA:4,0
DA:5,0
DA:7,0
DA:10,0
DA:21,0
DA:22,0
DA:24,0
DA:27,0
DA:36,0
DA:47,0
DA:48,0
DA:49,0
DA:51,0
DA:52,0
DA:55,0
DA:67,0
DA:69,0
DA:70,0
DA:75,0
DA:76,0
DA:77,0
DA:79,0
DA:80,0
DA:83,0
DA:111,0
DA:113,0
DA:114,0
DA:119,0
DA:120,0
DA:121,0
DA:123,0
DA:124,0
DA:127,0
DA:139,0
DA:141,0
DA:142,0
DA:147,0
DA:148,0
DA:149,0
DA:151,0
DA:152,0
DA:155,0
DA:183,0
DA:185,0
DA:186,0
DA:191,0
DA:192,0
DA:193,0
DA:195,0
DA:196,0
DA:199,0
DA:204,0
DA:205,0
DA:208,0
DA:210,0
DA:211,0
DA:216,0
DA:221,0
DA:222,0
DA:225,0
DA:230,0
DA:231,0
DA:235,0
DA:236,0
DA:241,0
DA:242,0
DA:246,0
DA:247,0
DA:252,0
DA:253,0
DA:254,0
DA:258,0
DA:262,0
DA:269,0
DA:271,0
DA:272,0
DA:278,0
DA:283,0
DA:284,0
DA:286,0
DA:287,0
DA:290,0
DA:293,0
DA:294,0
DA:295,0
DA:297,0
DA:298,0
DA:299,0
DA:301,0
DA:302,0
DA:303,0
DA:305,0
DA:306,0
DA:307,0
DA:309,0
DA:310,0
DA:311,0
DA:313,0
DA:314,0
DA:315,0
DA:317,0
DA:319,0
DA:320,0
DA:324,0
DA:335,0
DA:336,0
DA:339,0
DA:340,0
DA:343,0
DA:344,0
DA:347,0
DA:348,0
DA:350,0
DA:355,0
DA:356,0
DA:359,0
DA:361,0
DA:362,0
DA:368,0
DA:369,0
DA:370,0
DA:372,0
DA:373,0
DA:376,0
DA:381,0
DA:382,0
DA:385,0
DA:387,0
DA:388,0
DA:393,0
DA:398,0
DA:400,0
DA:401,0
DA:403,0
DA:404,0
DA:407,0
DA:410,0
DA:415,0
DA:416,0
DA:420,0
DA:421,0
DA:426,0
DA:427,0
DA:430,0
DA:433,0
DA:434,0
DA:442,0
DA:443,0
DA:445,0
DA:446,0
DA:447,0
DA:449,0
DA:455,0
DA:459,0
DA:461,0
DA:462,0
DA:463,0
DA:465,0
DA:466,0
DA:469,0
DA:470,0
DA:474,0
DA:479,0
DA:480,0
DA:483,0
DA:486,0
DA:492,0
DA:518,0
DA:519,0
DA:521,0
DA:522,0
DA:523,0
DA:525,0
DA:530,0
LF:177
LH:0
BRDA:21,0,0,0
BRDA:21,1,0,0
BRDA:21,1,1,0
BRDA:51,2,0,0
BRDA:79,3,0,0
BRDA:123,4,0,0
BRDA:151,5,0,0
BRDA:195,6,0,0
BRDA:204,7,0,0
BRDA:230,8,0,0
BRDA:235,9,0,0
BRDA:241,10,0,0
BRDA:246,11,0,0
BRDA:253,12,0,0
BRDA:266,13,0,0
BRDA:266,13,1,0
BRDA:266,14,0,0
BRDA:266,14,1,0
BRDA:266,15,0,0
BRDA:266,15,1,0
BRDA:286,16,0,0
BRDA:297,17,0,0
BRDA:301,18,0,0
BRDA:305,19,0,0
BRDA:309,20,0,0
BRDA:313,21,0,0
BRDA:317,22,0,0
BRDA:319,23,0,0
BRDA:335,24,0,0
BRDA:343,25,0,0
BRDA:355,26,0,0
BRDA:372,27,0,0
BRDA:381,28,0,0
BRDA:403,29,0,0
BRDA:415,30,0,0
BRDA:426,31,0,0
BRDA:465,32,0,0
BRDA:465,33,0,0
BRDA:465,33,1,0
BRDA:465,33,2,0
BRDA:469,34,0,0
BRDA:479,35,0,0
BRF:42
BRH:0
end_of_record
TN:
SF:src\routes\pages.ts
FN:12,(anonymous_1)
FN:40,(anonymous_2)
FN:74,(anonymous_3)
FN:81,(anonymous_4)
FN:127,(anonymous_5)
FN:189,(anonymous_6)
FNF:6
FNH:0
FNDA:0,(anonymous_1)
FNDA:0,(anonymous_2)
FNDA:0,(anonymous_3)
FNDA:0,(anonymous_4)
FNDA:0,(anonymous_5)
FNDA:0,(anonymous_6)
DA:1,0
DA:3,0
DA:4,0
DA:5,0
DA:6,0
DA:9,0
DA:12,0
DA:13,0
DA:15,0
DA:16,0
DA:18,0
DA:19,0
DA:20,0
DA:21,0
DA:24,0
DA:31,0
DA:32,0
DA:34,0
DA:35,0
DA:40,0
DA:41,0
DA:42,0
DA:45,0
DA:46,0
DA:48,0
DA:49,0
DA:50,0
DA:51,0
DA:54,0
DA:59,0
DA:61,0
DA:62,0
DA:65,0
DA:66,0
DA:68,0
DA:69,0
DA:74,0
DA:75,0
DA:76,0
DA:79,0
DA:80,0
DA:81,0
DA:84,0
DA:85,0
DA:86,0
DA:91,0
DA:93,0
DA:101,0
DA:113,0
DA:114,0
DA:116,0
DA:121,0
DA:122,0
DA:127,0
DA:128,0
DA:129,0
DA:130,0
DA:133,0
DA:134,0
DA:135,0
DA:138,0
DA:141,0
DA:142,0
DA:143,0
DA:144,0
DA:148,0
DA:163,0
DA:175,0
DA:176,0
DA:178,0
DA:183,0
DA:184,0
DA:189,0
DA:190,0
DA:191,0
DA:194,0
DA:195,0
DA:196,0
DA:199,0
DA:201,0
DA:203,0
DA:204,0
DA:208,0
LF:83
LH:0
BRDA:19,0,0,0
BRDA:19,1,0,0
BRDA:19,1,1,0
BRDA:49,2,0,0
BRDA:49,3,0,0
BRDA:49,3,1,0
BRDA:61,4,0,0
BRDA:79,5,0,0
BRDA:79,5,1,0
BRDA:85,6,0,0
BRDA:109,7,0,0
BRDA:109,7,1,0
BRDA:110,8,0,0
BRDA:110,8,1,0
BRDA:134,9,0,0
BRDA:141,10,0,0
BRDA:141,11,0,0
BRDA:141,11,1,0
BRDA:143,12,0,0
BRDA:195,13,0,0
BRF:20
BRH:0
end_of_record
TN:
SF:src\routes\posts.ts
FN:12,(anonymous_1)
FN:129,(anonymous_2)
FN:203,(anonymous_3)
FN:211,(anonymous_4)
FN:263,(anonymous_5)
FN:344,(anonymous_6)
FN:372,handlePostTags
FNF:7
FNH:0
FNDA:0,(anonymous_1)
FNDA:0,(anonymous_2)
FNDA:0,(anonymous_3)
FNDA:0,(anonymous_4)
FNDA:0,(anonymous_5)
FNDA:0,(anonymous_6)
FNDA:0,handlePostTags
DA:1,0
DA:3,0
DA:4,0
DA:5,0
DA:6,0
DA:9,0
DA:12,0
DA:13,0
DA:21,0
DA:23,0
DA:26,0
DA:28,0
DA:29,0
DA:30,0
DA:33,0
DA:34,0
DA:35,0
DA:38,0
DA:39,0
DA:40,0
DA:43,0
DA:44,0
DA:45,0
DA:48,0
DA:49,0
DA:54,0
DA:57,0
DA:58,0
DA:59,0
DA:63,0
DA:65,0
DA:91,0
DA:93,0
DA:102,0
DA:107,0
DA:108,0
DA:109,0
DA:111,0
DA:123,0
DA:124,0
DA:129,0
DA:130,0
DA:131,0
DA:134,0
DA:135,0
DA:137,0
DA:138,0
DA:139,0
DA:140,0
DA:143,0
DA:165,0
DA:167,0
DA:168,0
DA:171,0
DA:174,0
DA:175,0
DA:178,0
DA:188,0
DA:191,0
DA:197,0
DA:198,0
DA:203,0
DA:204,0
DA:205,0
DA:206,0
DA:209,0
DA:210,0
DA:211,0
DA:214,0
DA:215,0
DA:216,0
DA:220,0
DA:228,0
DA:244,0
DA:245,0
DA:248,0
DA:249,0
DA:252,0
DA:257,0
DA:258,0
DA:263,0
DA:264,0
DA:265,0
DA:266,0
DA:267,0
DA:270,0
DA:271,0
DA:272,0
DA:275,0
DA:278,0
DA:279,0
DA:283,0
DA:284,0
DA:285,0
DA:286,0
DA:290,0
DA:309,0
DA:325,0
DA:326,0
DA:329,0
DA:330,0
DA:333,0
DA:338,0
DA:339,0
DA:344,0
DA:345,0
DA:346,0
DA:347,0
DA:350,0
DA:351,0
DA:352,0
DA:355,0
DA:358,0
DA:359,0
DA:362,0
DA:364,0
DA:366,0
DA:367,0
DA:374,0
DA:376,0
DA:379,0
DA:380,0
DA:383,0
DA:385,0
DA:386,0
DA:392,0
DA:395,0
DA:402,0
LF:128
LH:0
BRDA:15,0,0,0
BRDA:16,1,0,0
BRDA:33,2,0,0
BRDA:33,3,0,0
BRDA:33,3,1,0
BRDA:38,4,0,0
BRDA:43,5,0,0
BRDA:48,6,0,0
BRDA:57,7,0,0
BRDA:138,8,0,0
BRDA:138,9,0,0
BRDA:138,9,1,0
BRDA:167,10,0,0
BRDA:209,11,0,0
BRDA:209,11,1,0
BRDA:215,12,0,0
BRDA:234,13,0,0
BRDA:234,13,1,0
BRDA:241,14,0,0
BRDA:241,14,1,0
BRDA:248,15,0,0
BRDA:248,16,0,0
BRDA:248,16,1,0
BRDA:271,17,0,0
BRDA:278,18,0,0
BRDA:278,19,0,0
BRDA:278,19,1,0
BRDA:283,20,0,0
BRDA:283,21,0,0
BRDA:283,21,1,0
BRDA:285,22,0,0
BRDA:329,23,0,0
BRDA:351,24,0,0
BRDA:358,25,0,0
BRDA:358,26,0,0
BRDA:358,26,1,0
BRDA:376,27,0,0
BRDA:385,28,0,0
BRF:38
BRH:0
end_of_record
TN:
SF:src\routes\settings.ts
FN:9,(anonymous_1)
FN:14,(anonymous_2)
FN:30,(anonymous_3)
FN:71,(anonymous_4)
FNF:4
FNH:0
FNDA:0,(anonymous_1)
FNDA:0,(anonymous_2)
FNDA:0,(anonymous_3)
FNDA:0,(anonymous_4)
DA:1,0
DA:3,0
DA:4,0
DA:6,0
DA:9,0
DA:10,0
DA:11,0
DA:13,0
DA:14,0
DA:15,0
DA:19,0
DA:20,0
DA:22,0
DA:24,0
DA:25,0
DA:30,0
DA:31,0
DA:33,0
DA:34,0
DA:37,0
DA:39,0
DA:40,0
DA:44,0
DA:45,0
DA:51,0
DA:52,0
DA:53,0
DA:57,0
DA:63,0
DA:65,0
DA:66,0
DA:71,0
DA:72,0
DA:73,0
DA:75,0
DA:77,0
DA:78,0
DA:81,0
DA:83,0
DA:84,0
DA:88,0
LF:41
LH:0
BRDA:19,0,0,0
BRDA:33,1,0,0
BRDA:39,2,0,0
BRDA:39,3,0,0
BRDA:39,3,1,0
BRDA:51,4,0,0
BRDA:51,4,1,0
BRDA:52,5,0,0
BRDA:77,6,0,0
BRF:9
BRH:0
end_of_record
TN:
SF:src\routes\sites.ts
FN:32,(anonymous_1)
FN:44,(anonymous_2)
FN:61,(anonymous_3)
FN:88,(anonymous_4)
FN:116,(anonymous_5)
FN:146,(anonymous_6)
FN:173,(anonymous_7)
FNF:7
FNH:7
FNDA:3,(anonymous_1)
FNDA:3,(anonymous_2)
FNDA:4,(anonymous_3)
FNDA:4,(anonymous_4)
FNDA:5,(anonymous_5)
FNDA:5,(anonymous_6)
FNDA:5,(anonymous_7)
DA:1,1
DA:2,1
DA:3,1
DA:4,1
DA:5,1
DA:7,1
DA:10,1
DA:21,1
DA:32,1
DA:33,3
DA:34,3
DA:35,3
DA:36,2
DA:38,1
DA:39,1
DA:44,1
DA:45,3
DA:46,3
DA:48,3
DA:49,1
DA:52,2
DA:53,1
DA:55,1
DA:56,1
DA:61,1
DA:62,4
DA:63,4
DA:65,4
DA:66,1
DA:69,3
DA:71,2
DA:72,1
DA:75,1
DA:77,1
DA:78,1
DA:83,1
DA:89,4
DA:90,4
DA:91,1
DA:93,3
DA:95,3
DA:96,1
DA:99,2
DA:100,1
DA:105,1
DA:111,1
DA:117,5
DA:118,5
DA:120,5
DA:121,1
DA:124,4
DA:126,2
DA:127,1
DA:130,1
DA:132,2
DA:134,2
DA:135,1
DA:140,1
DA:146,1
DA:147,5
DA:148,5
DA:150,5
DA:151,1
DA:154,4
DA:156,2
DA:157,1
DA:160,1
DA:162,2
DA:164,2
DA:165,1
DA:168,1
DA:173,1
DA:174,5
DA:175,5
DA:177,5
DA:178,0
DA:182,5
DA:184,5
DA:186,4
DA:187,1
DA:190,3
DA:198,1
DA:199,1
DA:203,1
LF:84
LH:83
BRDA:34,0,0,1
BRDA:34,0,1,2
BRDA:48,1,0,1
BRDA:65,2,0,1
BRDA:71,3,0,1
BRDA:95,4,0,1
BRDA:99,5,0,1
BRDA:120,6,0,1
BRDA:126,7,0,1
BRDA:134,8,0,1
BRDA:150,9,0,1
BRDA:156,10,0,1
BRDA:164,11,0,1
BRDA:177,12,0,0
BRDA:182,13,0,5
BRDA:182,13,1,4
BRDA:186,14,0,1
BRF:17
BRH:16
end_of_record
TN:
SF:src\routes\templates.ts
FN:11,(anonymous_1)
FN:19,(anonymous_2)
FN:30,(anonymous_3)
FN:43,(anonymous_4)
FN:64,(anonymous_5)
FN:96,(anonymous_6)
FNF:6
FNH:0
FNDA:0,(anonymous_1)
FNDA:0,(anonymous_2)
FNDA:0,(anonymous_3)
FNDA:0,(anonymous_4)
FNDA:0,(anonymous_5)
FNDA:0,(anonymous_6)
DA:1,0
DA:3,0
DA:4,0
DA:5,0
DA:7,0
DA:10,0
DA:11,0
DA:12,0
DA:13,0
DA:15,0
DA:19,0
DA:20,0
DA:21,0
DA:22,0
DA:24,0
DA:25,0
DA:30,0
DA:31,0
DA:32,0
DA:33,0
DA:34,0
DA:35,0
DA:37,0
DA:38,0
DA:43,0
DA:44,0
DA:45,0
DA:48,0
DA:49,0
DA:51,0
DA:56,0
DA:58,0
DA:59,0
DA:64,0
DA:65,0
DA:66,0
DA:68,0
DA:69,0
DA:71,0
DA:72,0
DA:73,0
DA:76,0
DA:88,0
DA:90,0
DA:91,0
DA:96,0
DA:97,0
DA:98,0
DA:99,0
DA:100,0
DA:101,0
DA:103,0
DA:104,0
DA:108,0
LF:54
LH:0
BRDA:12,0,0,0
BRDA:34,1,0,0
BRDA:45,2,0,0
BRDA:45,3,0,0
BRDA:45,4,0,0
BRDA:49,5,0,0
BRDA:54,6,0,0
BRDA:54,6,1,0
BRDA:69,7,0,0
BRDA:71,8,0,0
BRDA:71,9,0,0
BRDA:71,9,1,0
BRDA:73,10,0,0
BRDA:100,11,0,0
BRF:14
BRH:0
end_of_record
TN:
SF:src\services\domainService.ts
FN:9,(anonymous_1)
FN:14,(anonymous_2)
FN:25,(anonymous_3)
FN:40,(anonymous_4)
FN:44,(anonymous_5)
FN:84,(anonymous_6)
FN:95,(anonymous_7)
FN:106,(anonymous_8)
FN:132,(anonymous_9)
FN:155,(anonymous_10)
FN:185,(anonymous_11)
FN:250,(anonymous_12)
FN:265,(anonymous_13)
FN:287,(anonymous_14)
FN:294,(anonymous_15)
FN:301,(anonymous_16)
FNF:16
FNH:1
FNDA:2,(anonymous_1)
FNDA:0,(anonymous_2)
FNDA:0,(anonymous_3)
FNDA:0,(anonymous_4)
FNDA:0,(anonymous_5)
FNDA:0,(anonymous_6)
FNDA:0,(anonymous_7)
FNDA:0,(anonymous_8)
FNDA:0,(anonymous_9)
FNDA:0,(anonymous_10)
FNDA:0,(anonymous_11)
FNDA:0,(anonymous_12)
FNDA:0,(anonymous_13)
FNDA:0,(anonymous_14)
FNDA:0,(anonymous_15)
FNDA:0,(anonymous_16)
DA:1,2
DA:2,2
DA:10,2
DA:11,2
DA:15,0
DA:18,0
DA:19,0
DA:20,0
DA:21,0
DA:22,0
DA:27,0
DA:28,0
DA:29,0
DA:31,0
DA:32,0
DA:33,0
DA:37,0
DA:41,0
DA:45,0
DA:50,2
DA:80,2
DA:85,0
DA:89,0
DA:96,0
DA:100,0
DA:108,0
DA:109,0
DA:110,0
DA:114,0
DA:119,0
DA:122,0
DA:123,0
DA:126,0
DA:133,0
DA:134,0
DA:135,0
DA:138,0
DA:143,0
DA:145,0
DA:146,0
DA:149,0
DA:156,0
DA:159,0
DA:162,0
DA:163,0
DA:169,0
DA:177,0
DA:179,0
DA:186,0
DA:187,0
DA:188,0
DA:190,0
DA:191,0
DA:192,0
DA:193,0
DA:196,0
DA:197,0
DA:198,0
DA:199,0
DA:202,0
DA:203,0
DA:204,0
DA:205,0
DA:208,0
DA:210,0
DA:211,0
DA:216,0
DA:217,0
DA:218,0
DA:221,0
DA:222,0
DA:223,0
DA:224,0
DA:227,0
DA:228,0
DA:231,0
DA:233,0
DA:242,0
DA:244,0
DA:251,0
DA:257,0
DA:259,0
DA:266,0
DA:267,0
DA:268,0
DA:271,0
DA:279,0
DA:281,0
DA:288,0
DA:295,0
DA:302,0
LF:91
LH:6
BRDA:9,0,0,0
BRDA:15,1,0,0
BRDA:19,2,0,0
BRDA:27,3,0,0
BRDA:27,3,1,0
BRDA:29,4,0,0
BRDA:32,5,0,0
BRDA:100,6,0,0
BRDA:100,6,1,0
BRDA:109,7,0,0
BRDA:119,8,0,0
BRDA:119,8,1,0
BRDA:122,9,0,0
BRDA:134,10,0,0
BRDA:143,11,0,0
BRDA:143,11,1,0
BRDA:145,12,0,0
BRDA:156,13,0,0
BRDA:156,14,0,0
BRDA:162,15,0,0
BRDA:190,16,0,0
BRDA:196,17,0,0
BRDA:202,18,0,0
BRDA:208,19,0,0
BRDA:210,20,0,0
BRDA:221,21,0,0
BRDA:227,22,0,0
BRDA:244,23,0,0
BRDA:244,23,1,0
BRDA:259,24,0,0
BRDA:259,24,1,0
BRDA:267,25,0,0
BRDA:267,26,0,0
BRDA:267,26,1,0
BRDA:281,27,0,0
BRDA:281,27,1,0
BRF:36
BRH:0
end_of_record
TN:
SF:src\services\siteService.ts
FN:43,(anonymous_0)
FN:65,(anonymous_1)
FN:80,(anonymous_2)
FN:94,(anonymous_3)
FN:164,(anonymous_4)
FN:259,(anonymous_5)
FN:316,(anonymous_6)
FN:330,(anonymous_7)
FNF:8
FNH:6
FNDA:2,(anonymous_0)
FNDA:2,(anonymous_1)
FNDA:0,(anonymous_2)
FNDA:3,(anonymous_3)
FNDA:3,(anonymous_4)
FNDA:3,(anonymous_5)
FNDA:0,(anonymous_6)
FNDA:4,(anonymous_7)
DA:1,2
DA:2,2
DA:44,2
DA:49,2
DA:51,2
DA:52,1
DA:53,1
DA:56,2
DA:58,2
DA:59,2
DA:66,2
DA:74,2
DA:81,0
DA:88,0
DA:95,3
DA:97,3
DA:98,3
DA:101,3
DA:106,3
DA:107,1
DA:110,2
DA:113,2
DA:114,0
DA:121,2
DA:126,2
DA:129,2
DA:147,2
DA:150,2
DA:152,2
DA:154,1
DA:155,1
DA:157,3
DA:165,3
DA:167,3
DA:168,3
DA:171,3
DA:179,3
DA:180,1
DA:183,2
DA:186,2
DA:187,1
DA:194,2
DA:195,2
DA:196,2
DA:198,2
DA:199,1
DA:200,1
DA:202,2
DA:203,0
DA:204,0
DA:206,2
DA:207,0
DA:208,0
DA:210,2
DA:211,0
DA:212,0
DA:214,2
DA:215,1
DA:216,1
DA:218,2
DA:219,1
DA:220,1
DA:222,2
DA:223,0
DA:224,0
DA:227,2
DA:228,0
DA:231,2
DA:232,2
DA:234,2
DA:239,2
DA:242,2
DA:243,2
DA:244,0
DA:247,2
DA:249,0
DA:250,0
DA:252,3
DA:260,3
DA:262,3
DA:263,3
DA:266,3
DA:274,3
DA:275,1
DA:279,2
DA:286,2
DA:287,1
DA:291,1
DA:296,1
DA:299,1
DA:304,1
DA:306,1
DA:307,1
DA:309,3
DA:317,0
DA:324,0
DA:335,4
DA:336,4
DA:338,4
DA:347,4
DA:348,1
DA:352,3
DA:353,2
DA:362,2
DA:363,1
DA:368,2
DA:377,2
DA:381,2
LF:108
LH:91
BRDA:51,0,0,1
BRDA:74,1,0,2
BRDA:74,1,1,1
BRDA:106,2,0,1
BRDA:113,3,0,0
BRDA:138,4,0,2
BRDA:138,4,1,1
BRDA:139,5,0,2
BRDA:139,5,1,2
BRDA:140,6,0,2
BRDA:140,6,1,2
BRDA:141,7,0,2
BRDA:141,7,1,2
BRDA:143,8,0,2
BRDA:143,8,1,2
BRDA:150,9,0,2
BRDA:150,9,1,1
BRDA:179,10,0,1
BRDA:186,11,0,1
BRDA:186,12,0,2
BRDA:186,12,1,1
BRDA:198,13,0,1
BRDA:202,14,0,0
BRDA:206,15,0,0
BRDA:210,16,0,0
BRDA:214,17,0,1
BRDA:218,18,0,1
BRDA:222,19,0,0
BRDA:227,20,0,0
BRDA:243,21,0,0
BRDA:243,22,0,2
BRDA:243,22,1,0
BRDA:274,23,0,1
BRDA:286,24,0,1
BRDA:324,25,0,0
BRDA:324,25,1,0
BRDA:336,26,0,3
BRDA:336,26,1,1
BRDA:347,27,0,1
BRDA:352,28,0,2
BRDA:362,29,0,1
BRDA:377,30,0,2
BRDA:377,30,1,1
BRF:43
BRH:33
end_of_record
TN:
SF:src\utils\database.ts
FN:8,(anonymous_0)
FN:18,(anonymous_1)
FNF:2
FNH:0
FNDA:0,(anonymous_0)
FNDA:0,(anonymous_1)
DA:1,4
DA:3,4
DA:8,4
DA:9,0
DA:10,0
DA:11,0
DA:12,0
DA:14,0
DA:18,4
DA:19,0
DA:22,4
DA:23,4
LF:12
LH:6
BRDA:4,0,0,4
BRDA:4,0,1,4
BRDA:5,1,0,0
BRDA:5,1,1,4
BRF:4
BRH:3
end_of_record
TN:
SF:src\utils\jwt.ts
FN:16,(anonymous_9)
FN:24,(anonymous_10)
FN:33,(anonymous_11)
FNF:3
FNH:3
FNDA:6,(anonymous_9)
FNDA:3,(anonymous_10)
FNDA:2,(anonymous_11)
DA:1,3
DA:3,3
DA:4,3
DA:6,3
DA:7,3
DA:16,3
DA:17,6
DA:18,6
DA:20,0
DA:24,3
DA:25,3
DA:26,3
DA:27,1
DA:29,2
DA:33,3
DA:34,2
DA:35,2
DA:36,2
DA:38,0
LF:19
LH:17
BRDA:3,0,0,3
BRDA:3,0,1,3
BRDA:4,1,0,3
BRDA:4,1,1,3
BRDA:6,2,0,3
BRDA:6,3,0,3
BRDA:6,3,1,3
BRF:7
BRH:7
end_of_record
TN:
SF:src\utils\password.ts
FN:5,(anonymous_1)
FN:15,(anonymous_2)
FNF:2
FNH:2
FNDA:7,(anonymous_1)
FNDA:4,(anonymous_2)
DA:1,2
DA:3,2
DA:5,2
DA:6,7
DA:7,7
DA:8,7
DA:9,7
DA:11,0
DA:15,2
DA:16,4
DA:17,4
DA:19,0
LF:12
LH:10
BRF:0
BRH:0
end_of_record
TN:
SF:src\utils\slug.ts
FN:3,(anonymous_1)
FN:11,(anonymous_2)
FNF:2
FNH:2
FNDA:11,(anonymous_1)
FNDA:5,(anonymous_2)
DA:1,1
DA:3,1
DA:4,11
DA:11,1
DA:12,5
DA:13,5
DA:14,5
DA:16,5
DA:17,5
DA:18,5
DA:21,5
LF:11
LH:11
BRF:0
BRH:0
end_of_record
